[2022-08-29T19:37:23.144Z] Log level: Info
[2022-08-29T19:37:23.147Z] [info] Validating found git in: git
[2022-08-29T19:37:23.164Z] [info] Using git 2.25.1 from git
[2022-08-29T19:37:23.185Z] > git rev-parse --show-toplevel [15ms]
[2022-08-29T19:37:23.189Z] > git rev-parse --git-dir --git-common-dir [0ms]
[2022-08-29T19:37:23.193Z] [info] Open repository: /home/adamjones
[2022-08-29T19:37:23.222Z] > git status -z -uall [26ms]
[2022-08-29T19:37:23.225Z] > git symbolic-ref --short HEAD [1ms]
[2022-08-29T19:37:23.227Z] > git for-each-ref --format=%(refname)%00%(upstream:short)%00%(objectname)%00%(upstream:track)%00%(upstream:remotename)%00%(upstream:remoteref) refs/heads/master refs/remotes/master [0ms]
[2022-08-29T19:37:23.234Z] > git remote --verbose [2ms]
[2022-08-29T19:37:23.234Z] > git for-each-ref --sort -committerdate --format %(refname) %(objectname) %(*objectname) [4ms]
[2022-08-29T19:37:23.285Z] > git config --get commit.template [8ms]
[2022-08-29T19:37:23.616Z] > git status -z -uall [327ms]
[2022-08-29T19:37:23.620Z] > git symbolic-ref --short HEAD [1ms]
[2022-08-29T19:37:23.623Z] > git for-each-ref --format=%(refname)%00%(upstream:short)%00%(objectname)%00%(upstream:track)%00%(upstream:remotename)%00%(upstream:remoteref) refs/heads/master refs/remotes/master [1ms]
[2022-08-29T19:37:23.626Z] > git remote --verbose [0ms]
[2022-08-29T19:37:23.626Z] > git for-each-ref --sort -committerdate --format %(refname) %(objectname) %(*objectname) [2ms]
[2022-08-29T19:37:23.651Z] > git config --get commit.template [4ms]
[2022-08-29T19:37:24.159Z] > git check-ignore -v -z --stdin [7ms]
[2022-08-29T19:37:27.229Z] > git status -z -uall [17ms]
[2022-08-29T19:37:27.232Z] > git symbolic-ref --short HEAD [1ms]
[2022-08-29T19:37:27.234Z] > git for-each-ref --format=%(refname)%00%(upstream:short)%00%(objectname)%00%(upstream:track)%00%(upstream:remotename)%00%(upstream:remoteref) refs/heads/master refs/remotes/master [0ms]
[2022-08-29T19:37:27.237Z] > git for-each-ref --sort -committerdate --format %(refname) %(objectname) %(*objectname) [2ms]
[2022-08-29T19:37:27.238Z] > git remote --verbose [1ms]
[2022-08-29T19:37:27.251Z] > git config --get commit.template [0ms]
[2022-08-29T19:37:28.401Z] > git check-ignore -v -z --stdin [1ms]
[2022-08-29T19:37:30.625Z] > git check-ignore -v -z --stdin [2ms]
[2022-08-29T19:37:33.234Z] > git status -z -uall [20ms]
[2022-08-29T19:37:33.238Z] > git symbolic-ref --short HEAD [1ms]
[2022-08-29T19:37:33.240Z] > git for-each-ref --format=%(refname)%00%(upstream:short)%00%(objectname)%00%(upstream:track)%00%(upstream:remotename)%00%(upstream:remoteref) refs/heads/master refs/remotes/master [0ms]
[2022-08-29T19:37:33.245Z] > git for-each-ref --sort -committerdate --format %(refname) %(objectname) %(*objectname) [3ms]
[2022-08-29T19:37:33.245Z] > git remote --verbose [1ms]
[2022-08-29T19:37:33.262Z] > git config --get commit.template [0ms]
[2022-08-29T19:37:36.622Z] > git check-ignore -v -z --stdin [1ms]
[2022-08-29T19:37:38.285Z] > git status -z -uall [18ms]
[2022-08-29T19:37:38.288Z] > git symbolic-ref --short HEAD [0ms]
[2022-08-29T19:37:38.291Z] > git for-each-ref --format=%(refname)%00%(upstream:short)%00%(objectname)%00%(upstream:track)%00%(upstream:remotename)%00%(upstream:remoteref) refs/heads/master refs/remotes/master [1ms]
[2022-08-29T19:37:38.295Z] > git remote --verbose [0ms]
[2022-08-29T19:37:38.295Z] > git for-each-ref --sort -committerdate --format %(refname) %(objectname) %(*objectname) [2ms]
[2022-08-29T19:37:38.308Z] > git config --get commit.template [0ms]
[2022-08-29T19:37:43.329Z] > git status -z -uall [17ms]
[2022-08-29T19:37:43.332Z] > git symbolic-ref --short HEAD [1ms]
[2022-08-29T19:37:43.334Z] > git for-each-ref --format=%(refname)%00%(upstream:short)%00%(objectname)%00%(upstream:track)%00%(upstream:remotename)%00%(upstream:remoteref) refs/heads/master refs/remotes/master [0ms]
[2022-08-29T19:37:43.338Z] > git remote --verbose [0ms]
[2022-08-29T19:37:43.339Z] > git for-each-ref --sort -committerdate --format %(refname) %(objectname) %(*objectname) [3ms]
[2022-08-29T19:37:43.353Z] > git config --get commit.template [0ms]
[2022-08-29T19:37:48.376Z] > git status -z -uall [18ms]
[2022-08-29T19:37:48.380Z] > git symbolic-ref --short HEAD [0ms]
[2022-08-29T19:37:48.383Z] > git for-each-ref --format=%(refname)%00%(upstream:short)%00%(objectname)%00%(upstream:track)%00%(upstream:remotename)%00%(upstream:remoteref) refs/heads/master refs/remotes/master [0ms]
[2022-08-29T19:37:48.387Z] > git for-each-ref --sort -committerdate --format %(refname) %(objectname) %(*objectname) [2ms]
[2022-08-29T19:37:48.388Z] > git remote --verbose [1ms]
[2022-08-29T19:37:48.404Z] > git config --get commit.template [1ms]
[2022-08-29T19:37:53.425Z] > git status -z -uall [17ms]
[2022-08-29T19:37:53.429Z] > git symbolic-ref --short HEAD [0ms]
[2022-08-29T19:37:53.432Z] > git for-each-ref --format=%(refname)%00%(upstream:short)%00%(objectname)%00%(upstream:track)%00%(upstream:remotename)%00%(upstream:remoteref) refs/heads/master refs/remotes/master [0ms]
[2022-08-29T19:37:53.437Z] > git for-each-ref --sort -committerdate --format %(refname) %(objectname) %(*objectname) [3ms]
[2022-08-29T19:37:53.437Z] > git remote --verbose [0ms]
[2022-08-29T19:37:53.454Z] > git config --get commit.template [0ms]
[2022-08-29T19:38:29.974Z] > git status -z -uall [20ms]
[2022-08-29T19:38:29.977Z] > git symbolic-ref --short HEAD [0ms]
[2022-08-29T19:38:29.980Z] > git for-each-ref --format=%(refname)%00%(upstream:short)%00%(objectname)%00%(upstream:track)%00%(upstream:remotename)%00%(upstream:remoteref) refs/heads/master refs/remotes/master [1ms]
[2022-08-29T19:38:29.987Z] > git remote --verbose [1ms]
[2022-08-29T19:38:29.987Z] > git for-each-ref --sort -committerdate --format %(refname) %(objectname) %(*objectname) [3ms]
[2022-08-29T19:38:30.023Z] > git config --get commit.template [3ms]
[2022-08-29T19:38:35.045Z] > git status -z -uall [17ms]
[2022-08-29T19:38:35.048Z] > git symbolic-ref --short HEAD [0ms]
[2022-08-29T19:38:35.051Z] > git for-each-ref --format=%(refname)%00%(upstream:short)%00%(objectname)%00%(upstream:track)%00%(upstream:remotename)%00%(upstream:remoteref) refs/heads/master refs/remotes/master [1ms]
[2022-08-29T19:38:35.054Z] > git for-each-ref --sort -committerdate --format %(refname) %(objectname) %(*objectname) [2ms]
[2022-08-29T19:38:35.055Z] > git remote --verbose [1ms]
[2022-08-29T19:38:35.070Z] > git config --get commit.template [1ms]
[2022-08-29T19:38:54.809Z] > git status -z -uall [21ms]
[2022-08-29T19:38:54.812Z] > git symbolic-ref --short HEAD [0ms]
[2022-08-29T19:38:54.815Z] > git for-each-ref --format=%(refname)%00%(upstream:short)%00%(objectname)%00%(upstream:track)%00%(upstream:remotename)%00%(upstream:remoteref) refs/heads/master refs/remotes/master [0ms]
[2022-08-29T19:38:54.821Z] > git for-each-ref --sort -committerdate --format %(refname) %(objectname) %(*objectname) [2ms]
[2022-08-29T19:38:54.822Z] > git remote --verbose [1ms]
[2022-08-29T19:38:54.836Z] > git config --get commit.template [1ms]
[2022-08-29T19:43:52.369Z] > git status -z -uall [26ms]
[2022-08-29T19:43:52.372Z] > git symbolic-ref --short HEAD [1ms]
[2022-08-29T19:43:52.374Z] > git for-each-ref --format=%(refname)%00%(upstream:short)%00%(objectname)%00%(upstream:track)%00%(upstream:remotename)%00%(upstream:remoteref) refs/heads/master refs/remotes/master [0ms]
[2022-08-29T19:43:52.379Z] > git remote --verbose [1ms]
[2022-08-29T19:43:52.379Z] > git for-each-ref --sort -committerdate --format %(refname) %(objectname) %(*objectname) [3ms]
[2022-08-29T19:43:52.401Z] > git config --get commit.template [1ms]
