0 verbose cli /home/adamjones/.nvm/versions/node/v18.8.0/bin/node /home/adamjones/.nvm/versions/node/v18.8.0/bin/npm
1 info using npm@8.18.0
2 info using node@v18.8.0
3 timing npm:load:whichnode Completed in 0ms
4 timing config:load:defaults Completed in 1ms
5 timing config:load:file:/home/adamjones/.nvm/versions/node/v18.8.0/lib/node_modules/npm/npmrc Completed in 2ms
6 timing config:load:builtin Completed in 2ms
7 timing config:load:cli Completed in 1ms
8 timing config:load:env Completed in 0ms
9 timing config:load:file:/home/adamjones/.cache/typescript/4.7/.npmrc Completed in 0ms
10 timing config:load:project Completed in 4ms
11 timing config:load:file:/home/adamjones/.npmrc Completed in 0ms
12 timing config:load:user Completed in 0ms
13 timing config:load:file:/home/adamjones/.nvm/versions/node/v18.8.0/etc/npmrc Completed in 0ms
14 timing config:load:global Completed in 0ms
15 timing config:load:validate Completed in 0ms
16 timing config:load:credentials Completed in 1ms
17 timing config:load:setEnvs Completed in 1ms
18 timing config:load Completed in 10ms
19 timing npm:load:configload Completed in 10ms
20 timing npm:load:mkdirpcache Completed in 2ms
21 timing npm:load:mkdirplogs Completed in 0ms
22 verbose title npm install types-registry@latest
23 verbose argv "install" "--ignore-scripts" "types-registry@latest"
24 timing npm:load:setTitle Completed in 1ms
25 timing config:load:flatten Completed in 1ms
26 timing npm:load:display Completed in 2ms
27 verbose logfile logs-max:10 dir:/home/adamjones/.npm/_logs
28 verbose logfile /home/adamjones/.npm/_logs/2022-08-29T14_58_08_265Z-debug-0.log
29 timing npm:load:logFile Completed in 3ms
30 timing npm:load:timers Completed in 0ms
31 timing npm:load:configScope Completed in 0ms
32 timing npm:load Completed in 19ms
33 timing arborist:ctor Completed in 0ms
34 silly logfile done cleaning log files
35 timing idealTree:init Completed in 8ms
36 timing arborist:ctor Completed in 0ms
37 http fetch GET 200 https://registry.npmjs.org/types-registry 194ms (cache updated)
38 timing idealTree:userRequests Completed in 200ms
39 silly idealTree buildDeps
40 silly fetch manifest types-registry@0.1.607
41 silly placeDep ROOT types-registry@0.1.607 REPLACE for:  want: 0.1.607
42 timing idealTree:#root Completed in 4ms
43 timing idealTree:node_modules/types-registry Completed in 0ms
44 timing idealTree:buildDeps Completed in 4ms
45 timing idealTree:fixDepFlags Completed in 0ms
46 timing idealTree Completed in 213ms
47 timing reify:loadTrees Completed in 213ms
48 timing reify:diffTrees Completed in 0ms
49 silly reify mark retired [ '/home/adamjones/.cache/typescript/4.7/node_modules/types-registry' ]
50 silly reify moves {
50 silly reify   '/home/adamjones/.cache/typescript/4.7/node_modules/types-registry': '/home/adamjones/.cache/typescript/4.7/node_modules/.types-registry-2E9OTVcB'
50 silly reify }
51 timing reify:retireShallow Completed in 2ms
52 timing reify:createSparse Completed in 0ms
53 timing reify:loadBundles Completed in 0ms
54 silly audit bulk request { 'types-registry': [ '0.1.607' ] }
55 silly tarball no local data for types-registry@https://registry.npmjs.org/types-registry/-/types-registry-0.1.607.tgz. Extracting by manifest.
56 http fetch GET 200 https://registry.npmjs.org/types-registry/-/types-registry-0.1.607.tgz 117ms (cache miss)
57 timing reifyNode:node_modules/types-registry Completed in 121ms
58 timing reify:unpack Completed in 121ms
59 timing reify:unretire Completed in 0ms
60 timing build:queue Completed in 0ms
61 timing build:deps Completed in 1ms
62 timing build Completed in 1ms
63 timing reify:build Completed in 1ms
64 timing reify:trash Completed in 1ms
65 timing reify:save Completed in 2ms
66 http fetch POST 200 https://registry.npmjs.org/-/npm/v1/security/advisories/bulk 156ms
67 timing auditReport:getReport Completed in 156ms
68 silly audit report {}
69 timing auditReport:init Completed in 0ms
70 timing reify:audit Completed in 157ms
71 timing reify Completed in 376ms
72 silly CHANGE node_modules/types-registry
73 timing command:install Completed in 379ms
74 verbose exit 0
75 timing npm Completed in 444ms
76 info ok
