[2022-08-29 08:36:36.197] [exthost] [info] Extension host with pid 12595 started
[2022-08-29 08:36:36.207] [exthost] [info] Lock '/home/adamjones/.vscode-server/data/User/workspaceStorage/257b068fcb3d78c9d6cc73b980d8aefa/vscode.lock': Lock acquired.
[2022-08-29 08:36:36.231] [exthost] [info] ExtensionService#_doActivateExtension vscode.html-language-features, startup: false, activationEvent: 'onLanguage:html'
[2022-08-29 08:36:36.278] [exthost] [info] ExtensionService#_doActivateExtension vscode.debug-auto-launch, startup: true, activationEvent: '*'
[2022-08-29 08:36:36.280] [exthost] [info] ExtensionService#_doActivateExtension vscode.git-base, startup: true, activationEvent: '*', root cause: vscode.git
[2022-08-29 08:36:36.282] [exthost] [info] ExtensionService#_doActivateExtension vscode.ipynb, startup: true, activationEvent: '*'
[2022-08-29 08:36:36.321] [exthost] [info] ExtensionService#_doActivateExtension vscode.git, startup: true, activationEvent: '*'
[2022-08-29 08:36:36.366] [exthost] [info] ExtensionService#_doActivateExtension vscode.github, startup: true, activationEvent: '*'
[2022-08-29 08:36:36.439] [exthost] [info] ExtensionService#_doActivateExtension vscode.emmet, startup: false, activationEvent: 'onStartupFinished'
[2022-08-29 08:36:36.449] [exthost] [info] ExtensionService#_doActivateExtension vscode.merge-conflict, startup: false, activationEvent: 'onStartupFinished'
[2022-08-29 08:36:36.451] [exthost] [info] Eager extensions activated
[2022-08-29 10:27:13.721] [exthost] [warning] [Decorations] CAPPING events from decorations provider vscode.git 1876
[2022-08-29 10:27:15.626] [exthost] [warning] [Decorations] CAPPING events from decorations provider vscode.git 1876
[2022-08-29 10:27:20.656] [exthost] [warning] [Decorations] CAPPING events from decorations provider vscode.git 1876
[2022-08-29 10:27:25.685] [exthost] [warning] [Decorations] CAPPING events from decorations provider vscode.git 1876
[2022-08-29 10:27:30.717] [exthost] [warning] [Decorations] CAPPING events from decorations provider vscode.git 1876
[2022-08-29 10:27:35.747] [exthost] [warning] [Decorations] CAPPING events from decorations provider vscode.git 1876
[2022-08-29 10:27:45.851] [exthost] [warning] [Decorations] CAPPING events from decorations provider vscode.git 1876
[2022-08-29 10:27:50.880] [exthost] [warning] [Decorations] CAPPING events from decorations provider vscode.git 1876
[2022-08-29 10:27:55.910] [exthost] [warning] [Decorations] CAPPING events from decorations provider vscode.git 1876
[2022-08-29 10:28:00.943] [exthost] [warning] [Decorations] CAPPING events from decorations provider vscode.git 1876
[2022-08-29 10:28:05.980] [exthost] [warning] [Decorations] CAPPING events from decorations provider vscode.git 1876
[2022-08-29 10:28:11.026] [exthost] [warning] [Decorations] CAPPING events from decorations provider vscode.git 1876
[2022-08-29 10:28:17.626] [exthost] [warning] [Decorations] CAPPING events from decorations provider vscode.git 1876
[2022-08-29 10:28:22.663] [exthost] [warning] [Decorations] CAPPING events from decorations provider vscode.git 1876
[2022-08-29 10:28:27.693] [exthost] [warning] [Decorations] CAPPING events from decorations provider vscode.git 1876
[2022-08-29 10:28:32.731] [exthost] [warning] [Decorations] CAPPING events from decorations provider vscode.git 1876
[2022-08-29 10:39:32.663] [exthost] [warning] [Decorations] CAPPING events from decorations provider vscode.git 1876
[2022-08-29 10:39:37.696] [exthost] [warning] [Decorations] CAPPING events from decorations provider vscode.git 1876
[2022-08-29 10:39:42.726] [exthost] [warning] [Decorations] CAPPING events from decorations provider vscode.git 1876
[2022-08-29 10:39:47.758] [exthost] [warning] [Decorations] CAPPING events from decorations provider vscode.git 1876
[2022-08-29 10:39:52.798] [exthost] [warning] [Decorations] CAPPING events from decorations provider vscode.git 1876
[2022-08-29 10:39:57.843] [exthost] [warning] [Decorations] CAPPING events from decorations provider vscode.git 1876
[2022-08-29 10:40:02.879] [exthost] [warning] [Decorations] CAPPING events from decorations provider vscode.git 1876
[2022-08-29 10:40:07.918] [exthost] [warning] [Decorations] CAPPING events from decorations provider vscode.git 1876
[2022-08-29 10:40:12.953] [exthost] [warning] [Decorations] CAPPING events from decorations provider vscode.git 1876
[2022-08-29 10:40:17.991] [exthost] [warning] [Decorations] CAPPING events from decorations provider vscode.git 1876
[2022-08-29 10:40:23.035] [exthost] [warning] [Decorations] CAPPING events from decorations provider vscode.git 1876
[2022-08-29 10:40:28.759] [exthost] [warning] [Decorations] CAPPING events from decorations provider vscode.git 1876
[2022-08-29 10:40:33.790] [exthost] [warning] [Decorations] CAPPING events from decorations provider vscode.git 1876
[2022-08-29 10:40:38.821] [exthost] [warning] [Decorations] CAPPING events from decorations provider vscode.git 1876
[2022-08-29 10:40:43.853] [exthost] [warning] [Decorations] CAPPING events from decorations provider vscode.git 1876
[2022-08-29 10:40:48.891] [exthost] [warning] [Decorations] CAPPING events from decorations provider vscode.git 1876
[2022-08-29 10:40:53.929] [exthost] [warning] [Decorations] CAPPING events from decorations provider vscode.git 1876
[2022-08-29 10:40:58.965] [exthost] [warning] [Decorations] CAPPING events from decorations provider vscode.git 1876
[2022-08-29 10:41:04.006] [exthost] [warning] [Decorations] CAPPING events from decorations provider vscode.git 1876
[2022-08-29 10:41:09.045] [exthost] [warning] [Decorations] CAPPING events from decorations provider vscode.git 1876
[2022-08-29 10:41:14.078] [exthost] [warning] [Decorations] CAPPING events from decorations provider vscode.git 1876
[2022-08-29 10:41:19.118] [exthost] [warning] [Decorations] CAPPING events from decorations provider vscode.git 1876
[2022-08-29 10:41:24.167] [exthost] [warning] [Decorations] CAPPING events from decorations provider vscode.git 1876
[2022-08-29 10:41:29.212] [exthost] [warning] [Decorations] CAPPING events from decorations provider vscode.git 1876
[2022-08-29 10:41:34.255] [exthost] [warning] [Decorations] CAPPING events from decorations provider vscode.git 1876
[2022-08-29 10:41:39.288] [exthost] [warning] [Decorations] CAPPING events from decorations provider vscode.git 1876
[2022-08-29 10:41:44.328] [exthost] [warning] [Decorations] CAPPING events from decorations provider vscode.git 1876
[2022-08-29 10:41:49.361] [exthost] [warning] [Decorations] CAPPING events from decorations provider vscode.git 1876
[2022-08-29 10:41:54.399] [exthost] [warning] [Decorations] CAPPING events from decorations provider vscode.git 1875
[2022-08-29 10:41:59.440] [exthost] [warning] [Decorations] CAPPING events from decorations provider vscode.git 1875
[2022-08-29 10:42:04.477] [exthost] [warning] [Decorations] CAPPING events from decorations provider vscode.git 1875
[2022-08-29 10:42:09.512] [exthost] [warning] [Decorations] CAPPING events from decorations provider vscode.git 1875
[2022-08-29 10:42:14.558] [exthost] [warning] [Decorations] CAPPING events from decorations provider vscode.git 1875
[2022-08-29 10:42:19.591] [exthost] [warning] [Decorations] CAPPING events from decorations provider vscode.git 1875
[2022-08-29 10:42:24.636] [exthost] [warning] [Decorations] CAPPING events from decorations provider vscode.git 1875
[2022-08-29 10:42:29.676] [exthost] [warning] [Decorations] CAPPING events from decorations provider vscode.git 1875
[2022-08-29 10:42:34.713] [exthost] [warning] [Decorations] CAPPING events from decorations provider vscode.git 1876
[2022-08-29 10:42:39.752] [exthost] [warning] [Decorations] CAPPING events from decorations provider vscode.git 1876
[2022-08-29 10:42:44.784] [exthost] [warning] [Decorations] CAPPING events from decorations provider vscode.git 1876
[2022-08-29 10:42:49.825] [exthost] [warning] [Decorations] CAPPING events from decorations provider vscode.git 1876
[2022-08-29 10:42:54.859] [exthost] [warning] [Decorations] CAPPING events from decorations provider vscode.git 1876
[2022-08-29 10:42:59.899] [exthost] [warning] [Decorations] CAPPING events from decorations provider vscode.git 1876
[2022-08-29 10:43:04.934] [exthost] [warning] [Decorations] CAPPING events from decorations provider vscode.git 1876
[2022-08-29 10:43:09.973] [exthost] [warning] [Decorations] CAPPING events from decorations provider vscode.git 1876
[2022-08-29 10:43:15.005] [exthost] [warning] [Decorations] CAPPING events from decorations provider vscode.git 1876
[2022-08-29 10:43:20.036] [exthost] [warning] [Decorations] CAPPING events from decorations provider vscode.git 1876
[2022-08-29 10:43:25.075] [exthost] [warning] [Decorations] CAPPING events from decorations provider vscode.git 1876
[2022-08-29 10:43:30.109] [exthost] [warning] [Decorations] CAPPING events from decorations provider vscode.git 1876
[2022-08-29 10:43:35.149] [exthost] [warning] [Decorations] CAPPING events from decorations provider vscode.git 1876
[2022-08-29 10:43:40.199] [exthost] [warning] [Decorations] CAPPING events from decorations provider vscode.git 1876
[2022-08-29 10:43:45.239] [exthost] [warning] [Decorations] CAPPING events from decorations provider vscode.git 1876
[2022-08-29 10:43:50.278] [exthost] [warning] [Decorations] CAPPING events from decorations provider vscode.git 1876
[2022-08-29 10:43:55.309] [exthost] [warning] [Decorations] CAPPING events from decorations provider vscode.git 1876
[2022-08-29 10:44:00.350] [exthost] [warning] [Decorations] CAPPING events from decorations provider vscode.git 1876
[2022-08-29 10:44:05.385] [exthost] [warning] [Decorations] CAPPING events from decorations provider vscode.git 1876
[2022-08-29 10:44:10.421] [exthost] [warning] [Decorations] CAPPING events from decorations provider vscode.git 1876
[2022-08-29 10:44:15.461] [exthost] [warning] [Decorations] CAPPING events from decorations provider vscode.git 1876
[2022-08-29 10:44:20.495] [exthost] [warning] [Decorations] CAPPING events from decorations provider vscode.git 1876
[2022-08-29 10:44:25.533] [exthost] [warning] [Decorations] CAPPING events from decorations provider vscode.git 1876
[2022-08-29 10:44:30.567] [exthost] [warning] [Decorations] CAPPING events from decorations provider vscode.git 1876
[2022-08-29 10:44:35.608] [exthost] [warning] [Decorations] CAPPING events from decorations provider vscode.git 1876
[2022-08-29 10:44:40.650] [exthost] [warning] [Decorations] CAPPING events from decorations provider vscode.git 1876
[2022-08-29 10:44:45.686] [exthost] [warning] [Decorations] CAPPING events from decorations provider vscode.git 1876
[2022-08-29 10:44:50.719] [exthost] [warning] [Decorations] CAPPING events from decorations provider vscode.git 1877
[2022-08-29 10:44:55.761] [exthost] [warning] [Decorations] CAPPING events from decorations provider vscode.git 1876
[2022-08-29 10:45:00.795] [exthost] [warning] [Decorations] CAPPING events from decorations provider vscode.git 1876
[2022-08-29 10:45:05.838] [exthost] [warning] [Decorations] CAPPING events from decorations provider vscode.git 1876
[2022-08-29 10:45:10.881] [exthost] [warning] [Decorations] CAPPING events from decorations provider vscode.git 1876
[2022-08-29 10:45:15.916] [exthost] [warning] [Decorations] CAPPING events from decorations provider vscode.git 1876
[2022-08-29 10:45:20.956] [exthost] [warning] [Decorations] CAPPING events from decorations provider vscode.git 1876
[2022-08-29 10:45:25.989] [exthost] [warning] [Decorations] CAPPING events from decorations provider vscode.git 1876
[2022-08-29 10:45:32.521] [exthost] [warning] [Decorations] CAPPING events from decorations provider vscode.git 1876
[2022-08-29 10:45:37.550] [exthost] [warning] [Decorations] CAPPING events from decorations provider vscode.git 1876
[2022-08-29 10:45:42.579] [exthost] [warning] [Decorations] CAPPING events from decorations provider vscode.git 1876
[2022-08-29 10:45:47.609] [exthost] [warning] [Decorations] CAPPING events from decorations provider vscode.git 1876
[2022-08-29 10:45:52.648] [exthost] [warning] [Decorations] CAPPING events from decorations provider vscode.git 1876
[2022-08-29 10:45:57.696] [exthost] [warning] [Decorations] CAPPING events from decorations provider vscode.git 1876
[2022-08-29 10:46:02.742] [exthost] [warning] [Decorations] CAPPING events from decorations provider vscode.git 1876
[2022-08-29 10:46:07.787] [exthost] [warning] [Decorations] CAPPING events from decorations provider vscode.git 1876
[2022-08-29 10:46:12.829] [exthost] [warning] [Decorations] CAPPING events from decorations provider vscode.git 1876
[2022-08-29 10:46:17.866] [exthost] [warning] [Decorations] CAPPING events from decorations provider vscode.git 1876
[2022-08-29 10:46:22.904] [exthost] [warning] [Decorations] CAPPING events from decorations provider vscode.git 1876
[2022-08-29 10:46:27.946] [exthost] [warning] [Decorations] CAPPING events from decorations provider vscode.git 1876
[2022-08-29 10:46:32.992] [exthost] [warning] [Decorations] CAPPING events from decorations provider vscode.git 1876
[2022-08-29 10:46:38.072] [exthost] [warning] [Decorations] CAPPING events from decorations provider vscode.git 1876
[2022-08-29 10:46:43.108] [exthost] [warning] [Decorations] CAPPING events from decorations provider vscode.git 1876
[2022-08-29 10:46:48.139] [exthost] [warning] [Decorations] CAPPING events from decorations provider vscode.git 1876
[2022-08-29 10:46:53.171] [exthost] [warning] [Decorations] CAPPING events from decorations provider vscode.git 1876
[2022-08-29 10:46:58.202] [exthost] [warning] [Decorations] CAPPING events from decorations provider vscode.git 1876
[2022-08-29 10:47:03.242] [exthost] [warning] [Decorations] CAPPING events from decorations provider vscode.git 1876
[2022-08-29 10:47:08.276] [exthost] [warning] [Decorations] CAPPING events from decorations provider vscode.git 1876
[2022-08-29 10:47:13.316] [exthost] [warning] [Decorations] CAPPING events from decorations provider vscode.git 1876
[2022-08-29 10:47:18.364] [exthost] [warning] [Decorations] CAPPING events from decorations provider vscode.git 1876
[2022-08-29 10:47:23.397] [exthost] [warning] [Decorations] CAPPING events from decorations provider vscode.git 1876
[2022-08-29 10:47:28.427] [exthost] [warning] [Decorations] CAPPING events from decorations provider vscode.git 1876
[2022-08-29 10:47:33.458] [exthost] [warning] [Decorations] CAPPING events from decorations provider vscode.git 1876
[2022-08-29 10:47:38.488] [exthost] [warning] [Decorations] CAPPING events from decorations provider vscode.git 1876
[2022-08-29 10:47:43.527] [exthost] [warning] [Decorations] CAPPING events from decorations provider vscode.git 1876
[2022-08-29 10:47:48.570] [exthost] [warning] [Decorations] CAPPING events from decorations provider vscode.git 1876
[2022-08-29 10:47:53.617] [exthost] [warning] [Decorations] CAPPING events from decorations provider vscode.git 1876
[2022-08-29 10:48:17.868] [exthost] [warning] [Decorations] CAPPING events from decorations provider vscode.git 1876
[2022-08-29 10:48:22.909] [exthost] [warning] [Decorations] CAPPING events from decorations provider vscode.git 1876
[2022-08-29 10:48:27.958] [exthost] [warning] [Decorations] CAPPING events from decorations provider vscode.git 1876
[2022-08-29 10:48:32.994] [exthost] [warning] [Decorations] CAPPING events from decorations provider vscode.git 1876
[2022-08-29 10:48:38.022] [exthost] [warning] [Decorations] CAPPING events from decorations provider vscode.git 1876
[2022-08-29 10:57:56.782] [exthost] [warning] [Decorations] CAPPING events from decorations provider vscode.git 1876
[2022-08-29 10:58:01.816] [exthost] [warning] [Decorations] CAPPING events from decorations provider vscode.git 1876
[2022-08-29 10:58:06.848] [exthost] [warning] [Decorations] CAPPING events from decorations provider vscode.git 1878
[2022-08-29 10:58:07.669] [exthost] [info] ExtensionService#_doActivateExtension vscode.typescript-language-features, startup: false, activationEvent: 'onLanguage:javascript'
[2022-08-29 10:58:11.882] [exthost] [warning] [Decorations] CAPPING events from decorations provider vscode.git 1883
[2022-08-29 10:58:16.916] [exthost] [warning] [Decorations] CAPPING events from decorations provider vscode.git 1883
[2022-08-29 10:58:21.958] [exthost] [warning] [Decorations] CAPPING events from decorations provider vscode.git 1883
[2022-08-29 10:58:26.995] [exthost] [warning] [Decorations] CAPPING events from decorations provider vscode.git 1883
[2022-08-29 10:58:32.029] [exthost] [warning] [Decorations] CAPPING events from decorations provider vscode.git 1883
[2022-08-29 10:58:37.074] [exthost] [warning] [Decorations] CAPPING events from decorations provider vscode.git 1883
[2022-08-29 10:58:42.110] [exthost] [warning] [Decorations] CAPPING events from decorations provider vscode.git 1883
[2022-08-29 10:58:47.142] [exthost] [warning] [Decorations] CAPPING events from decorations provider vscode.git 1883
[2022-08-29 10:58:52.188] [exthost] [warning] [Decorations] CAPPING events from decorations provider vscode.git 1883
[2022-08-29 10:58:57.220] [exthost] [warning] [Decorations] CAPPING events from decorations provider vscode.git 1883
[2022-08-29 10:59:02.265] [exthost] [warning] [Decorations] CAPPING events from decorations provider vscode.git 1883
[2022-08-29 10:59:07.302] [exthost] [warning] [Decorations] CAPPING events from decorations provider vscode.git 1883
[2022-08-29 10:59:12.336] [exthost] [warning] [Decorations] CAPPING events from decorations provider vscode.git 1883
[2022-08-29 11:05:03.215] [exthost] [warning] [Decorations] CAPPING events from decorations provider vscode.git 1883
[2022-08-29 11:05:08.249] [exthost] [warning] [Decorations] CAPPING events from decorations provider vscode.git 1883
[2022-08-29 11:05:13.296] [exthost] [warning] [Decorations] CAPPING events from decorations provider vscode.git 1883
[2022-08-29 11:05:18.330] [exthost] [warning] [Decorations] CAPPING events from decorations provider vscode.git 1883
[2022-08-29 11:05:23.360] [exthost] [warning] [Decorations] CAPPING events from decorations provider vscode.git 1883
[2022-08-29 11:05:28.397] [exthost] [warning] [Decorations] CAPPING events from decorations provider vscode.git 1883
[2022-08-29 11:05:33.432] [exthost] [warning] [Decorations] CAPPING events from decorations provider vscode.git 1883
[2022-08-29 11:06:52.601] [exthost] [warning] [Decorations] CAPPING events from decorations provider vscode.git 1883
[2022-08-29 11:06:57.645] [exthost] [warning] [Decorations] CAPPING events from decorations provider vscode.git 1883
[2022-08-29 11:07:02.681] [exthost] [warning] [Decorations] CAPPING events from decorations provider vscode.git 1883
[2022-08-29 11:07:12.595] [exthost] [warning] [Decorations] CAPPING events from decorations provider vscode.git 1883
[2022-08-29 11:07:53.317] [exthost] [warning] [Decorations] CAPPING events from decorations provider vscode.git 1883
[2022-08-29 11:07:58.358] [exthost] [warning] [Decorations] CAPPING events from decorations provider vscode.git 1883
[2022-08-29 11:08:03.390] [exthost] [warning] [Decorations] CAPPING events from decorations provider vscode.git 1883
[2022-08-29 11:08:08.422] [exthost] [warning] [Decorations] CAPPING events from decorations provider vscode.git 1883
[2022-08-29 11:08:13.465] [exthost] [warning] [Decorations] CAPPING events from decorations provider vscode.git 1883
[2022-08-29 11:08:18.499] [exthost] [warning] [Decorations] CAPPING events from decorations provider vscode.git 1883
[2022-08-29 11:08:23.541] [exthost] [warning] [Decorations] CAPPING events from decorations provider vscode.git 1883
[2022-08-29 11:08:28.577] [exthost] [warning] [Decorations] CAPPING events from decorations provider vscode.git 1883
[2022-08-29 11:08:33.615] [exthost] [warning] [Decorations] CAPPING events from decorations provider vscode.git 1883
[2022-08-29 11:08:38.652] [exthost] [warning] [Decorations] CAPPING events from decorations provider vscode.git 1883
[2022-08-29 11:08:44.258] [exthost] [warning] [Decorations] CAPPING events from decorations provider vscode.git 1883
[2022-08-29 11:08:49.295] [exthost] [warning] [Decorations] CAPPING events from decorations provider vscode.git 1883
[2022-08-29 11:08:54.327] [exthost] [warning] [Decorations] CAPPING events from decorations provider vscode.git 1881
[2022-08-29 11:08:59.361] [exthost] [warning] [Decorations] CAPPING events from decorations provider vscode.git 1881
[2022-08-29 11:09:04.403] [exthost] [warning] [Decorations] CAPPING events from decorations provider vscode.git 1881
[2022-08-29 11:09:09.439] [exthost] [warning] [Decorations] CAPPING events from decorations provider vscode.git 1881
[2022-08-29 11:09:14.475] [exthost] [warning] [Decorations] CAPPING events from decorations provider vscode.git 1881
[2022-08-29 11:09:19.511] [exthost] [warning] [Decorations] CAPPING events from decorations provider vscode.git 1881
[2022-08-29 11:09:24.552] [exthost] [warning] [Decorations] CAPPING events from decorations provider vscode.git 1881
[2022-08-29 11:09:29.592] [exthost] [warning] [Decorations] CAPPING events from decorations provider vscode.git 1881
[2022-08-29 11:09:34.635] [exthost] [warning] [Decorations] CAPPING events from decorations provider vscode.git 1881
[2022-08-29 11:09:39.672] [exthost] [warning] [Decorations] CAPPING events from decorations provider vscode.git 1881
[2022-08-29 11:09:44.714] [exthost] [warning] [Decorations] CAPPING events from decorations provider vscode.git 1881
[2022-08-29 11:09:49.751] [exthost] [warning] [Decorations] CAPPING events from decorations provider vscode.git 1881
[2022-08-29 11:09:54.794] [exthost] [warning] [Decorations] CAPPING events from decorations provider vscode.git 1881
[2022-08-29 11:09:59.834] [exthost] [warning] [Decorations] CAPPING events from decorations provider vscode.git 1881
[2022-08-29 11:13:20.506] [exthost] [warning] [Decorations] CAPPING events from decorations provider vscode.git 1881
[2022-08-29 11:13:25.539] [exthost] [warning] [Decorations] CAPPING events from decorations provider vscode.git 1881
[2022-08-29 11:13:30.572] [exthost] [warning] [Decorations] CAPPING events from decorations provider vscode.git 1881
[2022-08-29 11:13:37.567] [exthost] [warning] [Decorations] CAPPING events from decorations provider vscode.git 1881
[2022-08-29 11:13:42.611] [exthost] [warning] [Decorations] CAPPING events from decorations provider vscode.git 1881
[2022-08-29 11:13:47.655] [exthost] [warning] [Decorations] CAPPING events from decorations provider vscode.git 1881
[2022-08-29 11:13:52.699] [exthost] [warning] [Decorations] CAPPING events from decorations provider vscode.git 1881
[2022-08-29 11:13:57.734] [exthost] [warning] [Decorations] CAPPING events from decorations provider vscode.git 1881
[2022-08-29 11:14:02.777] [exthost] [warning] [Decorations] CAPPING events from decorations provider vscode.git 1881
[2022-08-29 11:14:07.814] [exthost] [warning] [Decorations] CAPPING events from decorations provider vscode.git 1881
[2022-08-29 11:14:12.859] [exthost] [warning] [Decorations] CAPPING events from decorations provider vscode.git 1881
[2022-08-29 11:14:17.902] [exthost] [warning] [Decorations] CAPPING events from decorations provider vscode.git 1881
[2022-08-29 11:14:22.943] [exthost] [warning] [Decorations] CAPPING events from decorations provider vscode.git 1881
[2022-08-29 11:14:27.982] [exthost] [warning] [Decorations] CAPPING events from decorations provider vscode.git 1881
[2022-08-29 11:14:33.024] [exthost] [warning] [Decorations] CAPPING events from decorations provider vscode.git 1881
[2022-08-29 11:14:38.066] [exthost] [warning] [Decorations] CAPPING events from decorations provider vscode.git 1881
[2022-08-29 11:14:43.109] [exthost] [warning] [Decorations] CAPPING events from decorations provider vscode.git 1881
[2022-08-29 11:14:48.155] [exthost] [warning] [Decorations] CAPPING events from decorations provider vscode.git 1881
[2022-08-29 11:14:53.205] [exthost] [warning] [Decorations] CAPPING events from decorations provider vscode.git 1881
[2022-08-29 11:14:58.241] [exthost] [warning] [Decorations] CAPPING events from decorations provider vscode.git 1881
[2022-08-29 11:15:03.285] [exthost] [warning] [Decorations] CAPPING events from decorations provider vscode.git 1881
[2022-08-29 11:15:08.325] [exthost] [warning] [Decorations] CAPPING events from decorations provider vscode.git 1881
[2022-08-29 11:15:13.368] [exthost] [warning] [Decorations] CAPPING events from decorations provider vscode.git 1881
[2022-08-29 11:15:18.402] [exthost] [warning] [Decorations] CAPPING events from decorations provider vscode.git 1881
[2022-08-29 11:15:23.445] [exthost] [warning] [Decorations] CAPPING events from decorations provider vscode.git 1881
[2022-08-29 11:15:28.490] [exthost] [warning] [Decorations] CAPPING events from decorations provider vscode.git 1881
[2022-08-29 11:15:33.534] [exthost] [warning] [Decorations] CAPPING events from decorations provider vscode.git 1881
[2022-08-29 11:15:38.572] [exthost] [warning] [Decorations] CAPPING events from decorations provider vscode.git 1881
[2022-08-29 11:15:43.616] [exthost] [warning] [Decorations] CAPPING events from decorations provider vscode.git 1881
[2022-08-29 11:15:48.659] [exthost] [warning] [Decorations] CAPPING events from decorations provider vscode.git 1881
[2022-08-29 11:15:53.703] [exthost] [warning] [Decorations] CAPPING events from decorations provider vscode.git 1881
[2022-08-29 11:15:58.745] [exthost] [warning] [Decorations] CAPPING events from decorations provider vscode.git 1881
[2022-08-29 11:16:03.785] [exthost] [warning] [Decorations] CAPPING events from decorations provider vscode.git 1881
[2022-08-29 11:16:08.829] [exthost] [warning] [Decorations] CAPPING events from decorations provider vscode.git 1881
[2022-08-29 11:16:13.871] [exthost] [warning] [Decorations] CAPPING events from decorations provider vscode.git 1881
[2022-08-29 11:16:18.910] [exthost] [warning] [Decorations] CAPPING events from decorations provider vscode.git 1881
[2022-08-29 11:16:23.952] [exthost] [warning] [Decorations] CAPPING events from decorations provider vscode.git 1881
[2022-08-29 11:16:28.990] [exthost] [warning] [Decorations] CAPPING events from decorations provider vscode.git 1881
[2022-08-29 11:16:34.034] [exthost] [warning] [Decorations] CAPPING events from decorations provider vscode.git 1881
[2022-08-29 11:16:39.072] [exthost] [warning] [Decorations] CAPPING events from decorations provider vscode.git 1881
[2022-08-29 11:16:44.116] [exthost] [warning] [Decorations] CAPPING events from decorations provider vscode.git 1881
[2022-08-29 11:16:49.154] [exthost] [warning] [Decorations] CAPPING events from decorations provider vscode.git 1881
[2022-08-29 11:16:54.198] [exthost] [warning] [Decorations] CAPPING events from decorations provider vscode.git 1881
[2022-08-29 11:16:59.237] [exthost] [warning] [Decorations] CAPPING events from decorations provider vscode.git 1881
[2022-08-29 11:17:04.281] [exthost] [warning] [Decorations] CAPPING events from decorations provider vscode.git 1881
[2022-08-29 11:17:09.317] [exthost] [warning] [Decorations] CAPPING events from decorations provider vscode.git 1881
[2022-08-29 11:17:14.361] [exthost] [warning] [Decorations] CAPPING events from decorations provider vscode.git 1881
[2022-08-29 11:17:19.400] [exthost] [warning] [Decorations] CAPPING events from decorations provider vscode.git 1881
[2022-08-29 11:17:24.443] [exthost] [warning] [Decorations] CAPPING events from decorations provider vscode.git 1881
[2022-08-29 11:17:29.484] [exthost] [warning] [Decorations] CAPPING events from decorations provider vscode.git 1881
[2022-08-29 11:17:34.530] [exthost] [warning] [Decorations] CAPPING events from decorations provider vscode.git 1881
[2022-08-29 11:17:39.572] [exthost] [warning] [Decorations] CAPPING events from decorations provider vscode.git 1881
[2022-08-29 11:17:44.616] [exthost] [warning] [Decorations] CAPPING events from decorations provider vscode.git 1881
[2022-08-29 11:17:54.930] [exthost] [warning] [Decorations] CAPPING events from decorations provider vscode.git 1881
[2022-08-29 11:18:03.913] [exthost] [warning] [Decorations] CAPPING events from decorations provider vscode.git 1883
[2022-08-29 11:18:08.967] [exthost] [warning] [Decorations] CAPPING events from decorations provider vscode.git 1883
[2022-08-29 11:18:14.014] [exthost] [warning] [Decorations] CAPPING events from decorations provider vscode.git 1883
[2022-08-29 11:18:19.072] [exthost] [warning] [Decorations] CAPPING events from decorations provider vscode.git 1883
[2022-08-29 11:18:24.129] [exthost] [warning] [Decorations] CAPPING events from decorations provider vscode.git 1883
[2022-08-29 11:18:29.188] [exthost] [warning] [Decorations] CAPPING events from decorations provider vscode.git 1883
[2022-08-29 11:18:34.238] [exthost] [warning] [Decorations] CAPPING events from decorations provider vscode.git 1883
[2022-08-29 11:18:39.296] [exthost] [warning] [Decorations] CAPPING events from decorations provider vscode.git 1883
[2022-08-29 11:18:44.350] [exthost] [warning] [Decorations] CAPPING events from decorations provider vscode.git 1883
[2022-08-29 11:18:49.407] [exthost] [warning] [Decorations] CAPPING events from decorations provider vscode.git 1883
[2022-08-29 11:18:54.461] [exthost] [warning] [Decorations] CAPPING events from decorations provider vscode.git 1883
[2022-08-29 11:18:59.515] [exthost] [warning] [Decorations] CAPPING events from decorations provider vscode.git 1883
[2022-08-29 11:19:04.563] [exthost] [warning] [Decorations] CAPPING events from decorations provider vscode.git 1883
[2022-08-29 11:19:09.623] [exthost] [warning] [Decorations] CAPPING events from decorations provider vscode.git 1883
[2022-08-29 11:19:14.672] [exthost] [warning] [Decorations] CAPPING events from decorations provider vscode.git 1883
[2022-08-29 11:19:19.717] [exthost] [warning] [Decorations] CAPPING events from decorations provider vscode.git 1883
[2022-08-29 11:19:24.775] [exthost] [warning] [Decorations] CAPPING events from decorations provider vscode.git 1883
[2022-08-29 11:19:29.826] [exthost] [warning] [Decorations] CAPPING events from decorations provider vscode.git 1883
[2022-08-29 11:19:34.882] [exthost] [warning] [Decorations] CAPPING events from decorations provider vscode.git 1883
[2022-08-29 11:19:39.931] [exthost] [warning] [Decorations] CAPPING events from decorations provider vscode.git 1883
[2022-08-29 11:19:44.991] [exthost] [warning] [Decorations] CAPPING events from decorations provider vscode.git 1883
[2022-08-29 11:19:50.044] [exthost] [warning] [Decorations] CAPPING events from decorations provider vscode.git 1883
[2022-08-29 11:19:55.099] [exthost] [warning] [Decorations] CAPPING events from decorations provider vscode.git 1883
[2022-08-29 11:20:00.148] [exthost] [warning] [Decorations] CAPPING events from decorations provider vscode.git 1883
[2022-08-29 11:20:05.209] [exthost] [warning] [Decorations] CAPPING events from decorations provider vscode.git 1883
[2022-08-29 11:20:10.266] [exthost] [warning] [Decorations] CAPPING events from decorations provider vscode.git 1883
[2022-08-29 11:20:15.320] [exthost] [warning] [Decorations] CAPPING events from decorations provider vscode.git 1883
[2022-08-29 11:20:20.370] [exthost] [warning] [Decorations] CAPPING events from decorations provider vscode.git 1883
[2022-08-29 11:20:25.427] [exthost] [warning] [Decorations] CAPPING events from decorations provider vscode.git 1883
[2022-08-29 11:20:30.479] [exthost] [warning] [Decorations] CAPPING events from decorations provider vscode.git 1883
[2022-08-29 11:20:35.530] [exthost] [warning] [Decorations] CAPPING events from decorations provider vscode.git 1883
[2022-08-29 11:20:40.580] [exthost] [warning] [Decorations] CAPPING events from decorations provider vscode.git 1883
[2022-08-29 11:20:45.638] [exthost] [warning] [Decorations] CAPPING events from decorations provider vscode.git 1883
[2022-08-29 11:20:50.688] [exthost] [warning] [Decorations] CAPPING events from decorations provider vscode.git 1883
[2022-08-29 11:20:55.746] [exthost] [warning] [Decorations] CAPPING events from decorations provider vscode.git 1883
[2022-08-29 11:21:49.231] [exthost] [warning] [Decorations] CAPPING events from decorations provider vscode.git 1883
[2022-08-29 11:21:54.293] [exthost] [warning] [Decorations] CAPPING events from decorations provider vscode.git 1883
[2022-08-29 11:21:59.346] [exthost] [warning] [Decorations] CAPPING events from decorations provider vscode.git 1883
[2022-08-29 11:22:04.403] [exthost] [warning] [Decorations] CAPPING events from decorations provider vscode.git 1883
[2022-08-29 11:22:09.456] [exthost] [warning] [Decorations] CAPPING events from decorations provider vscode.git 1883
[2022-08-29 11:22:14.511] [exthost] [warning] [Decorations] CAPPING events from decorations provider vscode.git 1883
[2022-08-29 11:22:19.559] [exthost] [warning] [Decorations] CAPPING events from decorations provider vscode.git 1883
[2022-08-29 11:22:24.615] [exthost] [warning] [Decorations] CAPPING events from decorations provider vscode.git 1883
[2022-08-29 11:22:29.667] [exthost] [warning] [Decorations] CAPPING events from decorations provider vscode.git 1883
[2022-08-29 11:22:34.724] [exthost] [warning] [Decorations] CAPPING events from decorations provider vscode.git 1883
[2022-08-29 11:22:39.775] [exthost] [warning] [Decorations] CAPPING events from decorations provider vscode.git 1883
[2022-08-29 11:22:44.827] [exthost] [warning] [Decorations] CAPPING events from decorations provider vscode.git 1883
[2022-08-29 11:22:49.878] [exthost] [warning] [Decorations] CAPPING events from decorations provider vscode.git 1883
[2022-08-29 11:22:54.934] [exthost] [warning] [Decorations] CAPPING events from decorations provider vscode.git 1883
[2022-08-29 11:22:59.984] [exthost] [warning] [Decorations] CAPPING events from decorations provider vscode.git 1883
[2022-08-29 11:23:05.042] [exthost] [warning] [Decorations] CAPPING events from decorations provider vscode.git 1883
[2022-08-29 11:23:10.102] [exthost] [warning] [Decorations] CAPPING events from decorations provider vscode.git 1883
[2022-08-29 11:23:15.158] [exthost] [warning] [Decorations] CAPPING events from decorations provider vscode.git 1883
[2022-08-29 11:23:20.213] [exthost] [warning] [Decorations] CAPPING events from decorations provider vscode.git 1883
[2022-08-29 11:23:25.270] [exthost] [warning] [Decorations] CAPPING events from decorations provider vscode.git 1883
[2022-08-29 11:23:30.322] [exthost] [warning] [Decorations] CAPPING events from decorations provider vscode.git 1883
[2022-08-29 11:23:35.383] [exthost] [warning] [Decorations] CAPPING events from decorations provider vscode.git 1883
[2022-08-29 11:23:40.434] [exthost] [warning] [Decorations] CAPPING events from decorations provider vscode.git 1883
[2022-08-29 11:23:45.480] [exthost] [warning] [Decorations] CAPPING events from decorations provider vscode.git 1883
[2022-08-29 11:23:50.538] [exthost] [warning] [Decorations] CAPPING events from decorations provider vscode.git 1883
[2022-08-29 11:23:55.589] [exthost] [warning] [Decorations] CAPPING events from decorations provider vscode.git 1883
[2022-08-29 11:24:00.636] [exthost] [warning] [Decorations] CAPPING events from decorations provider vscode.git 1883
[2022-08-29 11:24:05.696] [exthost] [warning] [Decorations] CAPPING events from decorations provider vscode.git 1883
[2022-08-29 11:24:10.747] [exthost] [warning] [Decorations] CAPPING events from decorations provider vscode.git 1883
[2022-08-29 11:24:15.794] [exthost] [warning] [Decorations] CAPPING events from decorations provider vscode.git 1883
[2022-08-29 11:24:20.852] [exthost] [warning] [Decorations] CAPPING events from decorations provider vscode.git 1883
[2022-08-29 11:24:25.903] [exthost] [warning] [Decorations] CAPPING events from decorations provider vscode.git 1883
[2022-08-29 11:24:31.445] [exthost] [warning] [Decorations] CAPPING events from decorations provider vscode.git 1883
[2022-08-29 11:24:36.506] [exthost] [warning] [Decorations] CAPPING events from decorations provider vscode.git 1883
[2022-08-29 11:24:41.554] [exthost] [warning] [Decorations] CAPPING events from decorations provider vscode.git 1883
[2022-08-29 11:24:46.601] [exthost] [warning] [Decorations] CAPPING events from decorations provider vscode.git 1883
[2022-08-29 11:24:51.659] [exthost] [warning] [Decorations] CAPPING events from decorations provider vscode.git 1883
[2022-08-29 11:24:56.711] [exthost] [warning] [Decorations] CAPPING events from decorations provider vscode.git 1883
[2022-08-29 11:25:01.760] [exthost] [warning] [Decorations] CAPPING events from decorations provider vscode.git 1883
[2022-08-29 11:25:03.483] [exthost] [info] Extension host terminating: received terminate message from renderer
[2022-08-29 11:25:03.483] [exthost] [info] Lock '/home/adamjones/.vscode-server/data/User/workspaceStorage/257b068fcb3d78c9d6cc73b980d8aefa/vscode.lock': Marking the lockfile as scheduled to be released in 6000 ms.
[2022-08-29 11:25:03.500] [exthost] [info] Extension host with pid 12595 exiting with code 0
