[2022-08-29T15:32:36.470Z] Log level: Info
[2022-08-29T15:32:36.473Z] [info] Validating found git in: git
[2022-08-29T15:32:36.489Z] [info] Using git 2.25.1 from git
[2022-08-29T15:32:36.509Z] > git rev-parse --show-toplevel [13ms]
[2022-08-29T15:32:36.523Z] > git rev-parse --git-dir --git-common-dir [11ms]
[2022-08-29T15:32:36.527Z] [info] Open repository: /home/adamjones/mcsp/javascript-koans-1
[2022-08-29T15:32:36.537Z] > git status -z -uall [7ms]
[2022-08-29T15:32:36.540Z] > git symbolic-ref --short HEAD [1ms]
[2022-08-29T15:32:36.542Z] > git for-each-ref --format=%(refname)%00%(upstream:short)%00%(objectname)%00%(upstream:track)%00%(upstream:remotename)%00%(upstream:remoteref) refs/heads/master refs/remotes/master [0ms]
[2022-08-29T15:32:36.547Z] > git remote --verbose [1ms]
[2022-08-29T15:32:36.547Z] > git for-each-ref --sort -committerdate --format %(refname) %(objectname) %(*objectname) [3ms]
[2022-08-29T15:32:36.552Z] > git config --get commit.template [1ms]
[2022-08-29T15:32:36.562Z] > git status -z -uall [7ms]
[2022-08-29T15:32:36.564Z] > git symbolic-ref --short HEAD [0ms]
[2022-08-29T15:32:36.567Z] > git for-each-ref --format=%(refname)%00%(upstream:short)%00%(objectname)%00%(upstream:track)%00%(upstream:remotename)%00%(upstream:remoteref) refs/heads/master refs/remotes/master [1ms]
[2022-08-29T15:32:36.570Z] > git for-each-ref --sort -committerdate --format %(refname) %(objectname) %(*objectname) [2ms]
[2022-08-29T15:32:36.570Z] > git remote --verbose [1ms]
[2022-08-29T15:32:36.572Z] > git config --get commit.template [0ms]
[2022-08-29T15:32:37.043Z] > git check-ignore -v -z --stdin [0ms]
[2022-08-29T15:42:59.007Z] > git status -z -uall [19ms]
[2022-08-29T15:42:59.010Z] > git symbolic-ref --short HEAD [1ms]
[2022-08-29T15:42:59.013Z] > git for-each-ref --format=%(refname)%00%(upstream:short)%00%(objectname)%00%(upstream:track)%00%(upstream:remotename)%00%(upstream:remoteref) refs/heads/master refs/remotes/master [1ms]
[2022-08-29T15:42:59.016Z] > git remote --verbose [0ms]
[2022-08-29T15:42:59.017Z] > git for-each-ref --sort -committerdate --format %(refname) %(objectname) %(*objectname) [2ms]
[2022-08-29T15:42:59.044Z] > git config --get commit.template [0ms]
[2022-08-29T15:43:09.818Z] > git status -z -uall [18ms]
[2022-08-29T15:43:09.821Z] > git symbolic-ref --short HEAD [1ms]
[2022-08-29T15:43:09.823Z] > git for-each-ref --format=%(refname)%00%(upstream:short)%00%(objectname)%00%(upstream:track)%00%(upstream:remotename)%00%(upstream:remoteref) refs/heads/master refs/remotes/master [0ms]
[2022-08-29T15:43:09.827Z] > git remote --verbose [1ms]
[2022-08-29T15:43:09.827Z] > git for-each-ref --sort -committerdate --format %(refname) %(objectname) %(*objectname) [2ms]
[2022-08-29T15:43:09.850Z] > git config --get commit.template [1ms]
