[2022-08-29 11:59:18.562] [exthost] [info] Extension host with pid 18556 started
[2022-08-29 11:59:18.570] [exthost] [info] Lock '/home/adamjones/.vscode-server/data/User/workspaceStorage/8e29cf52742eeefd5f83359953fe4144/vscode.lock': Lock acquired.
[2022-08-29 11:59:18.582] [exthost] [info] ExtensionService#_doActivateExtension vscode.debug-auto-launch, startup: true, activationEvent: '*'
[2022-08-29 11:59:18.585] [exthost] [info] ExtensionService#_doActivateExtension vscode.git-base, startup: true, activationEvent: '*', root cause: vscode.git
[2022-08-29 11:59:18.587] [exthost] [info] ExtensionService#_doActivateExtension vscode.ipynb, startup: true, activationEvent: '*'
[2022-08-29 11:59:18.646] [exthost] [info] ExtensionService#_doActivateExtension vscode.git, startup: true, activationEvent: '*'
[2022-08-29 11:59:18.684] [exthost] [info] ExtensionService#_doActivateExtension vscode.github, startup: true, activationEvent: '*'
[2022-08-29 11:59:18.719] [exthost] [info] ExtensionService#_doActivateExtension vscode.emmet, startup: false, activationEvent: 'onStartupFinished'
[2022-08-29 11:59:18.728] [exthost] [info] ExtensionService#_doActivateExtension vscode.merge-conflict, startup: false, activationEvent: 'onStartupFinished'
[2022-08-29 11:59:18.730] [exthost] [info] Eager extensions activated
[2022-08-29 11:59:18.788] [exthost] [warning] [Decorations] CAPPING events from decorations provider vscode.git 1896
[2022-08-29 11:59:18.847] [exthost] [warning] [Decorations] CAPPING events from decorations provider vscode.git 1896
[2022-08-29 11:59:20.666] [exthost] [warning] [Decorations] CAPPING events from decorations provider vscode.git 1896
[2022-08-29 11:59:25.711] [exthost] [warning] [Decorations] CAPPING events from decorations provider vscode.git 1896
[2022-08-29 11:59:27.022] [exthost] [error] {"message":"Git error","stdout":"","stderr":"fatal: Pathspec '/home/adamjones/mcsp/javascript-koans/jasmine' is in submodule 'mcsp/javascript-koans'\n","exitCode":128,"gitErrorCode":"IsInSubmodule"}
[2022-08-29 11:59:27.022] [exthost] [error] {"message":"Git error","stdout":"","stderr":"fatal: Pathspec '/home/adamjones/mcsp/javascript-koans/jasmine' is in submodule 'mcsp/javascript-koans'\n","exitCode":128,"gitErrorCode":"IsInSubmodule"}
[2022-08-29 11:59:27.022] [exthost] [error] {"message":"Git error","stdout":"","stderr":"fatal: Pathspec '/home/adamjones/mcsp/javascript-koans/jasmine' is in submodule 'mcsp/javascript-koans'\n","exitCode":128,"gitErrorCode":"IsInSubmodule"}
[2022-08-29 11:59:27.022] [exthost] [error] {"message":"Git error","stdout":"","stderr":"fatal: Pathspec '/home/adamjones/mcsp/javascript-koans/jasmine' is in submodule 'mcsp/javascript-koans'\n","exitCode":128,"gitErrorCode":"IsInSubmodule"}
[2022-08-29 11:59:27.022] [exthost] [error] {"message":"Git error","stdout":"","stderr":"fatal: Pathspec '/home/adamjones/mcsp/javascript-koans/jasmine' is in submodule 'mcsp/javascript-koans'\n","exitCode":128,"gitErrorCode":"IsInSubmodule"}
[2022-08-29 11:59:27.022] [exthost] [error] {"message":"Git error","stdout":"","stderr":"fatal: Pathspec '/home/adamjones/mcsp/javascript-koans/jasmine' is in submodule 'mcsp/javascript-koans'\n","exitCode":128,"gitErrorCode":"IsInSubmodule"}
[2022-08-29 11:59:27.022] [exthost] [error] {"message":"Git error","stdout":"","stderr":"fatal: Pathspec '/home/adamjones/mcsp/javascript-koans/jasmine' is in submodule 'mcsp/javascript-koans'\n","exitCode":128,"gitErrorCode":"IsInSubmodule"}
[2022-08-29 11:59:30.349] [exthost] [error] {"message":"Git error","stdout":"","stderr":"fatal: Pathspec '/home/adamjones/mcsp/javascript-koans/koans/AboutApplyingWhatWeHaveLearnt.js' is in submodule 'mcsp/javascript-koans'\n","exitCode":128,"gitErrorCode":"IsInSubmodule"}
[2022-08-29 11:59:30.349] [exthost] [error] {"message":"Git error","stdout":"","stderr":"fatal: Pathspec '/home/adamjones/mcsp/javascript-koans/koans/AboutApplyingWhatWeHaveLearnt.js' is in submodule 'mcsp/javascript-koans'\n","exitCode":128,"gitErrorCode":"IsInSubmodule"}
[2022-08-29 11:59:30.349] [exthost] [error] {"message":"Git error","stdout":"","stderr":"fatal: Pathspec '/home/adamjones/mcsp/javascript-koans/koans/AboutApplyingWhatWeHaveLearnt.js' is in submodule 'mcsp/javascript-koans'\n","exitCode":128,"gitErrorCode":"IsInSubmodule"}
[2022-08-29 11:59:30.349] [exthost] [error] {"message":"Git error","stdout":"","stderr":"fatal: Pathspec '/home/adamjones/mcsp/javascript-koans/koans/AboutApplyingWhatWeHaveLearnt.js' is in submodule 'mcsp/javascript-koans'\n","exitCode":128,"gitErrorCode":"IsInSubmodule"}
[2022-08-29 11:59:30.349] [exthost] [error] {"message":"Git error","stdout":"","stderr":"fatal: Pathspec '/home/adamjones/mcsp/javascript-koans/koans/AboutApplyingWhatWeHaveLearnt.js' is in submodule 'mcsp/javascript-koans'\n","exitCode":128,"gitErrorCode":"IsInSubmodule"}
[2022-08-29 11:59:30.349] [exthost] [error] {"message":"Git error","stdout":"","stderr":"fatal: Pathspec '/home/adamjones/mcsp/javascript-koans/koans/AboutApplyingWhatWeHaveLearnt.js' is in submodule 'mcsp/javascript-koans'\n","exitCode":128,"gitErrorCode":"IsInSubmodule"}
[2022-08-29 11:59:30.349] [exthost] [error] {"message":"Git error","stdout":"","stderr":"fatal: Pathspec '/home/adamjones/mcsp/javascript-koans/koans/AboutApplyingWhatWeHaveLearnt.js' is in submodule 'mcsp/javascript-koans'\n","exitCode":128,"gitErrorCode":"IsInSubmodule"}
[2022-08-29 11:59:30.349] [exthost] [error] {"message":"Git error","stdout":"","stderr":"fatal: Pathspec '/home/adamjones/mcsp/javascript-koans/koans/AboutApplyingWhatWeHaveLearnt.js' is in submodule 'mcsp/javascript-koans'\n","exitCode":128,"gitErrorCode":"IsInSubmodule"}
[2022-08-29 11:59:30.756] [exthost] [warning] [Decorations] CAPPING events from decorations provider vscode.git 1896
[2022-08-29 11:59:35.798] [exthost] [warning] [Decorations] CAPPING events from decorations provider vscode.git 1896
[2022-08-29 11:59:36.252] [exthost] [info] ExtensionService#_doActivateExtension vscode.html-language-features, startup: false, activationEvent: 'onLanguage:html'
[2022-08-29 12:10:44.795] [exthost] [warning] [Decorations] CAPPING events from decorations provider vscode.git 1897
[2022-08-29 12:11:02.319] [exthost] [warning] [Decorations] CAPPING events from decorations provider vscode.git 1897
[2022-08-29 12:11:07.366] [exthost] [warning] [Decorations] CAPPING events from decorations provider vscode.git 1897
[2022-08-29 12:11:36.487] [exthost] [warning] [Decorations] CAPPING events from decorations provider vscode.git 1897
[2022-08-29 12:11:41.532] [exthost] [warning] [Decorations] CAPPING events from decorations provider vscode.git 1897
[2022-08-29 12:12:24.460] [exthost] [warning] [Decorations] CAPPING events from decorations provider vscode.git 1897
[2022-08-29 12:12:29.507] [exthost] [warning] [Decorations] CAPPING events from decorations provider vscode.git 1897
[2022-08-29 12:12:34.554] [exthost] [warning] [Decorations] CAPPING events from decorations provider vscode.git 1897
[2022-08-29 12:12:39.600] [exthost] [warning] [Decorations] CAPPING events from decorations provider vscode.git 1897
[2022-08-29 12:12:44.656] [exthost] [warning] [Decorations] CAPPING events from decorations provider vscode.git 1897
[2022-08-29 12:15:37.011] [exthost] [warning] [Decorations] CAPPING events from decorations provider vscode.git 1897
[2022-08-29 12:15:41.541] [exthost] [info] ExtensionService#_doActivateExtension vscode.typescript-language-features, startup: false, activationEvent: 'onLanguage:javascript'
[2022-08-29 12:15:42.063] [exthost] [warning] [Decorations] CAPPING events from decorations provider vscode.git 1898
[2022-08-29 12:15:47.109] [exthost] [warning] [Decorations] CAPPING events from decorations provider vscode.git 1899
[2022-08-29 12:15:52.156] [exthost] [warning] [Decorations] CAPPING events from decorations provider vscode.git 1899
[2022-08-29 12:15:57.202] [exthost] [warning] [Decorations] CAPPING events from decorations provider vscode.git 1899
[2022-08-29 12:16:02.249] [exthost] [warning] [Decorations] CAPPING events from decorations provider vscode.git 1899
[2022-08-29 12:16:07.307] [exthost] [warning] [Decorations] CAPPING events from decorations provider vscode.git 1901
[2022-08-29 12:16:21.871] [exthost] [warning] [Decorations] CAPPING events from decorations provider vscode.git 1901
[2022-08-29 12:16:26.929] [exthost] [warning] [Decorations] CAPPING events from decorations provider vscode.git 1901
[2022-08-29 12:16:34.538] [exthost] [warning] [Decorations] CAPPING events from decorations provider vscode.git 1901
[2022-08-29 12:16:48.014] [exthost] [warning] [Decorations] CAPPING events from decorations provider vscode.git 1902
[2022-08-29 12:16:53.060] [exthost] [warning] [Decorations] CAPPING events from decorations provider vscode.git 1902
[2022-08-29 12:17:03.158] [exthost] [warning] [Decorations] CAPPING events from decorations provider vscode.git 1903
[2022-08-29 12:17:13.681] [exthost] [warning] [Decorations] CAPPING events from decorations provider vscode.git 1904
[2022-08-29 12:17:18.727] [exthost] [warning] [Decorations] CAPPING events from decorations provider vscode.git 1904
[2022-08-29 12:17:23.773] [exthost] [warning] [Decorations] CAPPING events from decorations provider vscode.git 1905
[2022-08-29 12:17:28.817] [exthost] [warning] [Decorations] CAPPING events from decorations provider vscode.git 1905
[2022-08-29 12:17:33.861] [exthost] [warning] [Decorations] CAPPING events from decorations provider vscode.git 1905
[2022-08-29 12:17:38.903] [exthost] [warning] [Decorations] CAPPING events from decorations provider vscode.git 1905
[2022-08-29 12:17:54.091] [exthost] [warning] [Decorations] CAPPING events from decorations provider vscode.git 1906
[2022-08-29 12:17:59.137] [exthost] [warning] [Decorations] CAPPING events from decorations provider vscode.git 1906
[2022-08-29 12:18:04.182] [exthost] [warning] [Decorations] CAPPING events from decorations provider vscode.git 1906
[2022-08-29 12:18:10.724] [exthost] [warning] [Decorations] CAPPING events from decorations provider vscode.git 1906
[2022-08-29 12:18:15.769] [exthost] [warning] [Decorations] CAPPING events from decorations provider vscode.git 1906
[2022-08-29 12:18:20.811] [exthost] [warning] [Decorations] CAPPING events from decorations provider vscode.git 1906
[2022-08-29 12:18:35.159] [exthost] [warning] [Decorations] CAPPING events from decorations provider vscode.git 1908
[2022-08-29 12:18:40.203] [exthost] [warning] [Decorations] CAPPING events from decorations provider vscode.git 1908
[2022-08-29 12:18:45.250] [exthost] [warning] [Decorations] CAPPING events from decorations provider vscode.git 1908
[2022-08-29 12:19:03.359] [exthost] [warning] [Decorations] CAPPING events from decorations provider vscode.git 1908
[2022-08-29 12:19:08.403] [exthost] [warning] [Decorations] CAPPING events from decorations provider vscode.git 1908
[2022-08-29 12:19:13.455] [exthost] [warning] [Decorations] CAPPING events from decorations provider vscode.git 1908
[2022-08-29 12:19:18.511] [exthost] [warning] [Decorations] CAPPING events from decorations provider vscode.git 1908
[2022-08-29 12:19:23.563] [exthost] [warning] [Decorations] CAPPING events from decorations provider vscode.git 1908
[2022-08-29 12:19:28.606] [exthost] [warning] [Decorations] CAPPING events from decorations provider vscode.git 1908
[2022-08-29 12:19:33.648] [exthost] [warning] [Decorations] CAPPING events from decorations provider vscode.git 1908
[2022-08-29 12:19:38.693] [exthost] [warning] [Decorations] CAPPING events from decorations provider vscode.git 1908
[2022-08-29 12:19:43.738] [exthost] [warning] [Decorations] CAPPING events from decorations provider vscode.git 1908
[2022-08-29 12:19:59.486] [exthost] [warning] [Decorations] CAPPING events from decorations provider vscode.git 1909
[2022-08-29 12:20:04.529] [exthost] [warning] [Decorations] CAPPING events from decorations provider vscode.git 1909
[2022-08-29 12:20:09.576] [exthost] [warning] [Decorations] CAPPING events from decorations provider vscode.git 1909
[2022-08-29 12:20:26.052] [exthost] [warning] [Decorations] CAPPING events from decorations provider vscode.git 1910
[2022-08-29 12:20:31.099] [exthost] [warning] [Decorations] CAPPING events from decorations provider vscode.git 1910
[2022-08-29 12:20:36.144] [exthost] [warning] [Decorations] CAPPING events from decorations provider vscode.git 1910
[2022-08-29 12:20:41.190] [exthost] [warning] [Decorations] CAPPING events from decorations provider vscode.git 1910
[2022-08-29 12:20:46.236] [exthost] [warning] [Decorations] CAPPING events from decorations provider vscode.git 1910
[2022-08-29 12:20:52.785] [exthost] [warning] [Decorations] CAPPING events from decorations provider vscode.git 1910
[2022-08-29 12:20:57.843] [exthost] [warning] [Decorations] CAPPING events from decorations provider vscode.git 1910
[2022-08-29 12:21:02.891] [exthost] [warning] [Decorations] CAPPING events from decorations provider vscode.git 1910
[2022-08-29 12:21:07.936] [exthost] [warning] [Decorations] CAPPING events from decorations provider vscode.git 1910
[2022-08-29 12:21:12.981] [exthost] [warning] [Decorations] CAPPING events from decorations provider vscode.git 1910
[2022-08-29 12:21:18.026] [exthost] [warning] [Decorations] CAPPING events from decorations provider vscode.git 1910
[2022-08-29 12:21:23.070] [exthost] [warning] [Decorations] CAPPING events from decorations provider vscode.git 1910
[2022-08-29 12:21:28.116] [exthost] [warning] [Decorations] CAPPING events from decorations provider vscode.git 1910
[2022-08-29 12:21:33.159] [exthost] [warning] [Decorations] CAPPING events from decorations provider vscode.git 1910
[2022-08-29 12:21:38.215] [exthost] [warning] [Decorations] CAPPING events from decorations provider vscode.git 1910
[2022-08-29 12:21:43.265] [exthost] [warning] [Decorations] CAPPING events from decorations provider vscode.git 1910
[2022-08-29 12:21:48.316] [exthost] [warning] [Decorations] CAPPING events from decorations provider vscode.git 1910
[2022-08-29 12:21:53.360] [exthost] [warning] [Decorations] CAPPING events from decorations provider vscode.git 1910
[2022-08-29 12:21:58.407] [exthost] [warning] [Decorations] CAPPING events from decorations provider vscode.git 1910
[2022-08-29 12:22:03.450] [exthost] [warning] [Decorations] CAPPING events from decorations provider vscode.git 1910
[2022-08-29 12:22:08.496] [exthost] [warning] [Decorations] CAPPING events from decorations provider vscode.git 1910
[2022-08-29 12:22:13.539] [exthost] [warning] [Decorations] CAPPING events from decorations provider vscode.git 1910
[2022-08-29 12:22:18.583] [exthost] [warning] [Decorations] CAPPING events from decorations provider vscode.git 1910
[2022-08-29 12:22:23.627] [exthost] [warning] [Decorations] CAPPING events from decorations provider vscode.git 1910
[2022-08-29 12:22:36.920] [exthost] [warning] [Decorations] CAPPING events from decorations provider vscode.git 1911
[2022-08-29 12:22:41.975] [exthost] [warning] [Decorations] CAPPING events from decorations provider vscode.git 1911
[2022-08-29 12:22:47.030] [exthost] [warning] [Decorations] CAPPING events from decorations provider vscode.git 1911
[2022-08-29 12:22:52.078] [exthost] [warning] [Decorations] CAPPING events from decorations provider vscode.git 1911
[2022-08-29 12:22:57.634] [exthost] [warning] [Decorations] CAPPING events from decorations provider vscode.git 1911
[2022-08-29 12:23:02.691] [exthost] [warning] [Decorations] CAPPING events from decorations provider vscode.git 1911
[2022-08-29 12:23:13.990] [exthost] [warning] [Decorations] CAPPING events from decorations provider vscode.git 1911
[2022-08-29 12:23:19.035] [exthost] [warning] [Decorations] CAPPING events from decorations provider vscode.git 1912
[2022-08-29 12:23:45.048] [exthost] [warning] [Decorations] CAPPING events from decorations provider vscode.git 1912
[2022-08-29 12:23:50.094] [exthost] [warning] [Decorations] CAPPING events from decorations provider vscode.git 1912
[2022-08-29 12:23:55.141] [exthost] [warning] [Decorations] CAPPING events from decorations provider vscode.git 1912
[2022-08-29 12:24:00.183] [exthost] [warning] [Decorations] CAPPING events from decorations provider vscode.git 1912
[2022-08-29 12:24:05.239] [exthost] [warning] [Decorations] CAPPING events from decorations provider vscode.git 1912
[2022-08-29 12:24:10.289] [exthost] [warning] [Decorations] CAPPING events from decorations provider vscode.git 1912
[2022-08-29 12:24:15.346] [exthost] [warning] [Decorations] CAPPING events from decorations provider vscode.git 1912
[2022-08-29 12:24:20.408] [exthost] [warning] [Decorations] CAPPING events from decorations provider vscode.git 1912
[2022-08-29 12:24:34.371] [exthost] [warning] [Decorations] CAPPING events from decorations provider vscode.git 1913
[2022-08-29 12:24:39.418] [exthost] [warning] [Decorations] CAPPING events from decorations provider vscode.git 1913
[2022-08-29 12:24:44.474] [exthost] [warning] [Decorations] CAPPING events from decorations provider vscode.git 1913
[2022-08-29 12:24:49.527] [exthost] [warning] [Decorations] CAPPING events from decorations provider vscode.git 1913
[2022-08-29 12:24:54.583] [exthost] [warning] [Decorations] CAPPING events from decorations provider vscode.git 1913
[2022-08-29 12:25:48.281] [exthost] [warning] [Decorations] CAPPING events from decorations provider vscode.git 1914
[2022-08-29 12:25:53.330] [exthost] [warning] [Decorations] CAPPING events from decorations provider vscode.git 1915
[2022-08-29 12:26:05.575] [exthost] [warning] [Decorations] CAPPING events from decorations provider vscode.git 1915
[2022-08-29 12:26:10.631] [exthost] [warning] [Decorations] CAPPING events from decorations provider vscode.git 1915
[2022-08-29 12:26:15.681] [exthost] [warning] [Decorations] CAPPING events from decorations provider vscode.git 1915
[2022-08-29 12:26:32.900] [exthost] [warning] [Decorations] CAPPING events from decorations provider vscode.git 1916
[2022-08-29 12:26:37.949] [exthost] [warning] [Decorations] CAPPING events from decorations provider vscode.git 1917
[2022-08-29 12:26:49.298] [exthost] [warning] [Decorations] CAPPING events from decorations provider vscode.git 1917
[2022-08-29 12:26:54.344] [exthost] [warning] [Decorations] CAPPING events from decorations provider vscode.git 1917
[2022-08-29 12:27:23.562] [exthost] [warning] [Decorations] CAPPING events from decorations provider vscode.git 1918
[2022-08-29 12:27:28.608] [exthost] [warning] [Decorations] CAPPING events from decorations provider vscode.git 1918
[2022-08-29 12:27:33.653] [exthost] [warning] [Decorations] CAPPING events from decorations provider vscode.git 1918
[2022-08-29 12:27:38.712] [exthost] [warning] [Decorations] CAPPING events from decorations provider vscode.git 1918
[2022-08-29 12:27:43.770] [exthost] [warning] [Decorations] CAPPING events from decorations provider vscode.git 1918
[2022-08-29 12:27:48.820] [exthost] [warning] [Decorations] CAPPING events from decorations provider vscode.git 1918
[2022-08-29 12:27:55.378] [exthost] [warning] [Decorations] CAPPING events from decorations provider vscode.git 1918
[2022-08-29 12:29:45.751] [exthost] [warning] [Decorations] CAPPING events from decorations provider vscode.git 1918
[2022-08-29 12:29:50.797] [exthost] [warning] [Decorations] CAPPING events from decorations provider vscode.git 1919
[2022-08-29 12:29:55.846] [exthost] [warning] [Decorations] CAPPING events from decorations provider vscode.git 1919
[2022-08-29 12:30:00.899] [exthost] [warning] [Decorations] CAPPING events from decorations provider vscode.git 1919
[2022-08-29 12:30:07.350] [exthost] [warning] [Decorations] CAPPING events from decorations provider vscode.git 1919
[2022-08-29 12:30:53.552] [exthost] [warning] [Decorations] CAPPING events from decorations provider vscode.git 1919
[2022-08-29 12:30:58.598] [exthost] [warning] [Decorations] CAPPING events from decorations provider vscode.git 1919
[2022-08-29 12:31:30.836] [exthost] [warning] [Decorations] CAPPING events from decorations provider vscode.git 1920
[2022-08-29 12:31:35.880] [exthost] [warning] [Decorations] CAPPING events from decorations provider vscode.git 1920
[2022-08-29 12:31:40.925] [exthost] [warning] [Decorations] CAPPING events from decorations provider vscode.git 1920
[2022-08-29 12:31:45.968] [exthost] [warning] [Decorations] CAPPING events from decorations provider vscode.git 1920
[2022-08-29 12:31:57.537] [exthost] [warning] [Decorations] CAPPING events from decorations provider vscode.git 1921
[2022-08-29 12:32:02.578] [exthost] [warning] [Decorations] CAPPING events from decorations provider vscode.git 1921
[2022-08-29 12:32:07.629] [exthost] [warning] [Decorations] CAPPING events from decorations provider vscode.git 1921
[2022-08-29 12:32:12.674] [exthost] [warning] [Decorations] CAPPING events from decorations provider vscode.git 1921
[2022-08-29 12:32:17.728] [exthost] [warning] [Decorations] CAPPING events from decorations provider vscode.git 1921
[2022-08-29 12:32:22.778] [exthost] [warning] [Decorations] CAPPING events from decorations provider vscode.git 1921
[2022-08-29 12:32:27.824] [exthost] [warning] [Decorations] CAPPING events from decorations provider vscode.git 1921
[2022-08-29 12:32:32.868] [exthost] [warning] [Decorations] CAPPING events from decorations provider vscode.git 1921
[2022-08-29 12:33:00.067] [exthost] [warning] [Decorations] CAPPING events from decorations provider vscode.git 1922
[2022-08-29 12:33:05.114] [exthost] [warning] [Decorations] CAPPING events from decorations provider vscode.git 1923
[2022-08-29 12:33:10.161] [exthost] [warning] [Decorations] CAPPING events from decorations provider vscode.git 1923
[2022-08-29 12:33:15.207] [exthost] [warning] [Decorations] CAPPING events from decorations provider vscode.git 1923
[2022-08-29 12:33:24.724] [exthost] [warning] [Decorations] CAPPING events from decorations provider vscode.git 1924
[2022-08-29 12:33:29.770] [exthost] [warning] [Decorations] CAPPING events from decorations provider vscode.git 1924
[2022-08-29 12:33:34.814] [exthost] [warning] [Decorations] CAPPING events from decorations provider vscode.git 1924
[2022-08-29 12:33:39.860] [exthost] [warning] [Decorations] CAPPING events from decorations provider vscode.git 1924
[2022-08-29 12:33:51.562] [exthost] [warning] [Decorations] CAPPING events from decorations provider vscode.git 1925
[2022-08-29 12:33:56.604] [exthost] [warning] [Decorations] CAPPING events from decorations provider vscode.git 1925
[2022-08-29 12:34:12.639] [exthost] [warning] [Decorations] CAPPING events from decorations provider vscode.git 1926
[2022-08-29 12:34:17.699] [exthost] [warning] [Decorations] CAPPING events from decorations provider vscode.git 1926
[2022-08-29 12:34:22.748] [exthost] [warning] [Decorations] CAPPING events from decorations provider vscode.git 1926
[2022-08-29 12:34:27.793] [exthost] [warning] [Decorations] CAPPING events from decorations provider vscode.git 1926
[2022-08-29 12:34:32.835] [exthost] [warning] [Decorations] CAPPING events from decorations provider vscode.git 1926
[2022-08-29 12:34:37.879] [exthost] [warning] [Decorations] CAPPING events from decorations provider vscode.git 1926
[2022-08-29 12:34:42.922] [exthost] [warning] [Decorations] CAPPING events from decorations provider vscode.git 1926
[2022-08-29 12:34:47.977] [exthost] [warning] [Decorations] CAPPING events from decorations provider vscode.git 1926
[2022-08-29 12:34:53.022] [exthost] [warning] [Decorations] CAPPING events from decorations provider vscode.git 1926
[2022-08-29 12:34:58.067] [exthost] [warning] [Decorations] CAPPING events from decorations provider vscode.git 1926
[2022-08-29 12:35:04.590] [exthost] [warning] [Decorations] CAPPING events from decorations provider vscode.git 1926
[2022-08-29 12:35:09.636] [exthost] [warning] [Decorations] CAPPING events from decorations provider vscode.git 1926
[2022-08-29 12:35:14.692] [exthost] [warning] [Decorations] CAPPING events from decorations provider vscode.git 1926
[2022-08-29 12:35:19.740] [exthost] [warning] [Decorations] CAPPING events from decorations provider vscode.git 1927
[2022-08-29 12:35:35.791] [exthost] [warning] [Decorations] CAPPING events from decorations provider vscode.git 1927
[2022-08-29 12:35:40.846] [exthost] [warning] [Decorations] CAPPING events from decorations provider vscode.git 1927
[2022-08-29 12:35:45.895] [exthost] [warning] [Decorations] CAPPING events from decorations provider vscode.git 1927
[2022-08-29 12:35:50.941] [exthost] [warning] [Decorations] CAPPING events from decorations provider vscode.git 1928
[2022-08-29 12:36:01.341] [exthost] [warning] [Decorations] CAPPING events from decorations provider vscode.git 1928
[2022-08-29 12:36:06.387] [exthost] [warning] [Decorations] CAPPING events from decorations provider vscode.git 1928
[2022-08-29 12:36:11.429] [exthost] [warning] [Decorations] CAPPING events from decorations provider vscode.git 1928
[2022-08-29 12:36:16.474] [exthost] [warning] [Decorations] CAPPING events from decorations provider vscode.git 1928
[2022-08-29 12:36:21.519] [exthost] [warning] [Decorations] CAPPING events from decorations provider vscode.git 1928
[2022-08-29 12:36:26.564] [exthost] [warning] [Decorations] CAPPING events from decorations provider vscode.git 1928
[2022-08-29 12:36:31.621] [exthost] [warning] [Decorations] CAPPING events from decorations provider vscode.git 1928
[2022-08-29 12:36:36.669] [exthost] [warning] [Decorations] CAPPING events from decorations provider vscode.git 1928
[2022-08-29 12:36:41.712] [exthost] [warning] [Decorations] CAPPING events from decorations provider vscode.git 1928
[2022-08-29 12:36:46.758] [exthost] [warning] [Decorations] CAPPING events from decorations provider vscode.git 1928
[2022-08-29 12:37:00.438] [exthost] [warning] [Decorations] CAPPING events from decorations provider vscode.git 1929
[2022-08-29 12:37:05.484] [exthost] [warning] [Decorations] CAPPING events from decorations provider vscode.git 1929
[2022-08-29 12:37:15.328] [exthost] [warning] [Decorations] CAPPING events from decorations provider vscode.git 1930
[2022-08-29 12:37:20.371] [exthost] [warning] [Decorations] CAPPING events from decorations provider vscode.git 1930
[2022-08-29 12:37:25.428] [exthost] [warning] [Decorations] CAPPING events from decorations provider vscode.git 1930
[2022-08-29 12:37:30.476] [exthost] [warning] [Decorations] CAPPING events from decorations provider vscode.git 1930
[2022-08-29 12:38:08.546] [exthost] [warning] [Decorations] CAPPING events from decorations provider vscode.git 1931
[2022-08-29 12:38:16.290] [exthost] [warning] [Decorations] CAPPING events from decorations provider vscode.git 1931
[2022-08-29 12:38:21.338] [exthost] [warning] [Decorations] CAPPING events from decorations provider vscode.git 1931
[2022-08-29 12:38:26.384] [exthost] [warning] [Decorations] CAPPING events from decorations provider vscode.git 1931
[2022-08-29 12:38:33.894] [exthost] [warning] [Decorations] CAPPING events from decorations provider vscode.git 1932
[2022-08-29 12:38:38.937] [exthost] [warning] [Decorations] CAPPING events from decorations provider vscode.git 1932
[2022-08-29 12:38:43.982] [exthost] [warning] [Decorations] CAPPING events from decorations provider vscode.git 1932
[2022-08-29 12:39:00.179] [exthost] [warning] [Decorations] CAPPING events from decorations provider vscode.git 1933
[2022-08-29 12:39:05.225] [exthost] [warning] [Decorations] CAPPING events from decorations provider vscode.git 1933
[2022-08-29 12:39:10.267] [exthost] [warning] [Decorations] CAPPING events from decorations provider vscode.git 1933
[2022-08-29 12:39:15.309] [exthost] [warning] [Decorations] CAPPING events from decorations provider vscode.git 1933
[2022-08-29 12:39:20.364] [exthost] [warning] [Decorations] CAPPING events from decorations provider vscode.git 1933
[2022-08-29 12:39:25.411] [exthost] [warning] [Decorations] CAPPING events from decorations provider vscode.git 1933
[2022-08-29 12:39:30.464] [exthost] [warning] [Decorations] CAPPING events from decorations provider vscode.git 1933
[2022-08-29 12:39:35.510] [exthost] [warning] [Decorations] CAPPING events from decorations provider vscode.git 1933
[2022-08-29 12:39:40.554] [exthost] [warning] [Decorations] CAPPING events from decorations provider vscode.git 1933
[2022-08-29 12:39:45.600] [exthost] [warning] [Decorations] CAPPING events from decorations provider vscode.git 1933
[2022-08-29 12:39:50.651] [exthost] [warning] [Decorations] CAPPING events from decorations provider vscode.git 1933
[2022-08-29 12:39:55.716] [exthost] [warning] [Decorations] CAPPING events from decorations provider vscode.git 1933
[2022-08-29 12:40:00.766] [exthost] [warning] [Decorations] CAPPING events from decorations provider vscode.git 1933
[2022-08-29 12:40:05.812] [exthost] [warning] [Decorations] CAPPING events from decorations provider vscode.git 1933
[2022-08-29 12:40:14.368] [exthost] [warning] [Decorations] CAPPING events from decorations provider vscode.git 1933
[2022-08-29 12:40:19.424] [exthost] [warning] [Decorations] CAPPING events from decorations provider vscode.git 1933
[2022-08-29 12:40:24.482] [exthost] [warning] [Decorations] CAPPING events from decorations provider vscode.git 1933
[2022-08-29 12:40:29.526] [exthost] [warning] [Decorations] CAPPING events from decorations provider vscode.git 1933
[2022-08-29 12:40:34.575] [exthost] [warning] [Decorations] CAPPING events from decorations provider vscode.git 1933
[2022-08-29 12:40:39.619] [exthost] [warning] [Decorations] CAPPING events from decorations provider vscode.git 1933
[2022-08-29 12:40:44.667] [exthost] [warning] [Decorations] CAPPING events from decorations provider vscode.git 1933
[2022-08-29 12:40:49.716] [exthost] [warning] [Decorations] CAPPING events from decorations provider vscode.git 1933
[2022-08-29 12:40:54.762] [exthost] [warning] [Decorations] CAPPING events from decorations provider vscode.git 1933
[2022-08-29 12:40:59.822] [exthost] [warning] [Decorations] CAPPING events from decorations provider vscode.git 1934
[2022-08-29 12:41:34.456] [exthost] [warning] [Decorations] CAPPING events from decorations provider vscode.git 1934
[2022-08-29 12:41:39.503] [exthost] [warning] [Decorations] CAPPING events from decorations provider vscode.git 1934
[2022-08-29 12:41:44.547] [exthost] [warning] [Decorations] CAPPING events from decorations provider vscode.git 1934
[2022-08-29 12:41:49.593] [exthost] [warning] [Decorations] CAPPING events from decorations provider vscode.git 1935
[2022-08-29 12:41:57.628] [exthost] [warning] [Decorations] CAPPING events from decorations provider vscode.git 1935
[2022-08-29 12:42:02.687] [exthost] [warning] [Decorations] CAPPING events from decorations provider vscode.git 1935
[2022-08-29 12:42:07.747] [exthost] [warning] [Decorations] CAPPING events from decorations provider vscode.git 1935
[2022-08-29 12:42:12.795] [exthost] [warning] [Decorations] CAPPING events from decorations provider vscode.git 1935
[2022-08-29 12:42:17.839] [exthost] [warning] [Decorations] CAPPING events from decorations provider vscode.git 1935
[2022-08-29 12:42:22.896] [exthost] [warning] [Decorations] CAPPING events from decorations provider vscode.git 1935
[2022-08-29 12:42:27.947] [exthost] [warning] [Decorations] CAPPING events from decorations provider vscode.git 1935
[2022-08-29 12:42:33.007] [exthost] [warning] [Decorations] CAPPING events from decorations provider vscode.git 1935
[2022-08-29 12:42:38.058] [exthost] [warning] [Decorations] CAPPING events from decorations provider vscode.git 1936
[2022-08-29 12:43:08.625] [exthost] [warning] [Decorations] CAPPING events from decorations provider vscode.git 1936
[2022-08-29 12:43:13.669] [exthost] [warning] [Decorations] CAPPING events from decorations provider vscode.git 1936
[2022-08-29 12:43:18.716] [exthost] [warning] [Decorations] CAPPING events from decorations provider vscode.git 1936
[2022-08-29 12:43:23.762] [exthost] [warning] [Decorations] CAPPING events from decorations provider vscode.git 1936
[2022-08-29 12:43:28.810] [exthost] [warning] [Decorations] CAPPING events from decorations provider vscode.git 1936
[2022-08-29 12:43:33.856] [exthost] [warning] [Decorations] CAPPING events from decorations provider vscode.git 1936
[2022-08-29 12:43:38.908] [exthost] [warning] [Decorations] CAPPING events from decorations provider vscode.git 1936
[2022-08-29 12:43:43.957] [exthost] [warning] [Decorations] CAPPING events from decorations provider vscode.git 1936
[2022-08-29 12:43:49.013] [exthost] [warning] [Decorations] CAPPING events from decorations provider vscode.git 1936
[2022-08-29 12:43:54.061] [exthost] [warning] [Decorations] CAPPING events from decorations provider vscode.git 1936
[2022-08-29 12:44:10.655] [exthost] [warning] [Decorations] CAPPING events from decorations provider vscode.git 1937
[2022-08-29 12:44:15.712] [exthost] [warning] [Decorations] CAPPING events from decorations provider vscode.git 1937
[2022-08-29 12:44:20.778] [exthost] [warning] [Decorations] CAPPING events from decorations provider vscode.git 1937
[2022-08-29 12:44:25.828] [exthost] [warning] [Decorations] CAPPING events from decorations provider vscode.git 1937
[2022-08-29 12:44:30.885] [exthost] [warning] [Decorations] CAPPING events from decorations provider vscode.git 1937
[2022-08-29 12:44:35.932] [exthost] [warning] [Decorations] CAPPING events from decorations provider vscode.git 1937
[2022-08-29 12:44:40.977] [exthost] [warning] [Decorations] CAPPING events from decorations provider vscode.git 1937
[2022-08-29 12:44:46.024] [exthost] [warning] [Decorations] CAPPING events from decorations provider vscode.git 1937
[2022-08-29 12:45:08.930] [exthost] [warning] [Decorations] CAPPING events from decorations provider vscode.git 1937
[2022-08-29 12:45:13.974] [exthost] [warning] [Decorations] CAPPING events from decorations provider vscode.git 1937
[2022-08-29 12:45:46.476] [exthost] [warning] [Decorations] CAPPING events from decorations provider vscode.git 1937
[2022-08-29 12:45:51.522] [exthost] [warning] [Decorations] CAPPING events from decorations provider vscode.git 1937
[2022-08-29 12:45:56.570] [exthost] [warning] [Decorations] CAPPING events from decorations provider vscode.git 1937
[2022-08-29 12:46:01.614] [exthost] [warning] [Decorations] CAPPING events from decorations provider vscode.git 1937
[2022-08-29 12:46:06.670] [exthost] [warning] [Decorations] CAPPING events from decorations provider vscode.git 1937
[2022-08-29 12:46:11.714] [exthost] [warning] [Decorations] CAPPING events from decorations provider vscode.git 1937
[2022-08-29 12:46:16.757] [exthost] [warning] [Decorations] CAPPING events from decorations provider vscode.git 1937
[2022-08-29 12:46:21.816] [exthost] [warning] [Decorations] CAPPING events from decorations provider vscode.git 1937
[2022-08-29 12:46:26.868] [exthost] [warning] [Decorations] CAPPING events from decorations provider vscode.git 1938
[2022-08-29 12:46:38.072] [exthost] [warning] [Decorations] CAPPING events from decorations provider vscode.git 1938
[2022-08-29 12:46:43.123] [exthost] [warning] [Decorations] CAPPING events from decorations provider vscode.git 1938
[2022-08-29 12:46:48.171] [exthost] [warning] [Decorations] CAPPING events from decorations provider vscode.git 1938
[2022-08-29 12:46:53.217] [exthost] [warning] [Decorations] CAPPING events from decorations provider vscode.git 1938
[2022-08-29 12:46:58.260] [exthost] [warning] [Decorations] CAPPING events from decorations provider vscode.git 1938
[2022-08-29 12:47:03.307] [exthost] [warning] [Decorations] CAPPING events from decorations provider vscode.git 1939
[2022-08-29 12:47:08.602] [exthost] [warning] [Decorations] CAPPING events from decorations provider vscode.git 1939
[2022-08-29 12:47:13.648] [exthost] [warning] [Decorations] CAPPING events from decorations provider vscode.git 1939
[2022-08-29 12:47:18.699] [exthost] [warning] [Decorations] CAPPING events from decorations provider vscode.git 1939
[2022-08-29 12:47:23.758] [exthost] [warning] [Decorations] CAPPING events from decorations provider vscode.git 1939
[2022-08-29 12:47:28.805] [exthost] [warning] [Decorations] CAPPING events from decorations provider vscode.git 1939
[2022-08-29 12:47:33.850] [exthost] [warning] [Decorations] CAPPING events from decorations provider vscode.git 1939
[2022-08-29 12:47:48.833] [exthost] [warning] [Decorations] CAPPING events from decorations provider vscode.git 1941
[2022-08-29 12:47:53.884] [exthost] [warning] [Decorations] CAPPING events from decorations provider vscode.git 1941
[2022-08-29 12:47:58.931] [exthost] [warning] [Decorations] CAPPING events from decorations provider vscode.git 1941
[2022-08-29 12:48:03.978] [exthost] [warning] [Decorations] CAPPING events from decorations provider vscode.git 1941
[2022-08-29 12:48:09.022] [exthost] [warning] [Decorations] CAPPING events from decorations provider vscode.git 1941
[2022-08-29 12:48:14.067] [exthost] [warning] [Decorations] CAPPING events from decorations provider vscode.git 1941
[2022-08-29 12:48:19.128] [exthost] [warning] [Decorations] CAPPING events from decorations provider vscode.git 1941
[2022-08-29 12:48:24.181] [exthost] [warning] [Decorations] CAPPING events from decorations provider vscode.git 1941
[2022-08-29 12:48:29.226] [exthost] [warning] [Decorations] CAPPING events from decorations provider vscode.git 1941
[2022-08-29 12:48:34.272] [exthost] [warning] [Decorations] CAPPING events from decorations provider vscode.git 1941
[2022-08-29 12:48:39.316] [exthost] [warning] [Decorations] CAPPING events from decorations provider vscode.git 1941
[2022-08-29 12:48:44.363] [exthost] [warning] [Decorations] CAPPING events from decorations provider vscode.git 1941
[2022-08-29 12:48:49.411] [exthost] [warning] [Decorations] CAPPING events from decorations provider vscode.git 1941
[2022-08-29 12:48:54.459] [exthost] [warning] [Decorations] CAPPING events from decorations provider vscode.git 1941
[2022-08-29 12:48:59.504] [exthost] [warning] [Decorations] CAPPING events from decorations provider vscode.git 1941
[2022-08-29 12:49:04.561] [exthost] [warning] [Decorations] CAPPING events from decorations provider vscode.git 1941
[2022-08-29 12:49:09.610] [exthost] [warning] [Decorations] CAPPING events from decorations provider vscode.git 1941
[2022-08-29 12:49:40.927] [exthost] [warning] [Decorations] CAPPING events from decorations provider vscode.git 1942
[2022-08-29 12:49:45.974] [exthost] [warning] [Decorations] CAPPING events from decorations provider vscode.git 1942
[2022-08-29 12:49:51.021] [exthost] [warning] [Decorations] CAPPING events from decorations provider vscode.git 1942
[2022-08-29 12:49:56.069] [exthost] [warning] [Decorations] CAPPING events from decorations provider vscode.git 1942
[2022-08-29 12:50:01.126] [exthost] [warning] [Decorations] CAPPING events from decorations provider vscode.git 1942
[2022-08-29 12:50:06.175] [exthost] [warning] [Decorations] CAPPING events from decorations provider vscode.git 1942
[2022-08-29 12:50:11.237] [exthost] [warning] [Decorations] CAPPING events from decorations provider vscode.git 1942
[2022-08-29 12:50:16.287] [exthost] [warning] [Decorations] CAPPING events from decorations provider vscode.git 1942
[2022-08-29 12:50:21.343] [exthost] [warning] [Decorations] CAPPING events from decorations provider vscode.git 1942
[2022-08-29 12:50:26.401] [exthost] [warning] [Decorations] CAPPING events from decorations provider vscode.git 1942
[2022-08-29 12:50:31.447] [exthost] [warning] [Decorations] CAPPING events from decorations provider vscode.git 1942
[2022-08-29 12:50:36.504] [exthost] [warning] [Decorations] CAPPING events from decorations provider vscode.git 1943
[2022-08-29 12:50:41.556] [exthost] [warning] [Decorations] CAPPING events from decorations provider vscode.git 1943
[2022-08-29 12:50:46.601] [exthost] [warning] [Decorations] CAPPING events from decorations provider vscode.git 1943
[2022-08-29 12:50:51.644] [exthost] [warning] [Decorations] CAPPING events from decorations provider vscode.git 1943
[2022-08-29 12:50:56.690] [exthost] [warning] [Decorations] CAPPING events from decorations provider vscode.git 1943
[2022-08-29 12:51:01.737] [exthost] [warning] [Decorations] CAPPING events from decorations provider vscode.git 1943
[2022-08-29 12:51:06.783] [exthost] [warning] [Decorations] CAPPING events from decorations provider vscode.git 1943
[2022-08-29 12:51:11.827] [exthost] [warning] [Decorations] CAPPING events from decorations provider vscode.git 1943
[2022-08-29 12:51:39.943] [exthost] [warning] [Decorations] CAPPING events from decorations provider vscode.git 1943
[2022-08-29 12:51:44.989] [exthost] [warning] [Decorations] CAPPING events from decorations provider vscode.git 1943
[2022-08-29 12:51:50.035] [exthost] [warning] [Decorations] CAPPING events from decorations provider vscode.git 1943
[2022-08-29 12:51:55.080] [exthost] [warning] [Decorations] CAPPING events from decorations provider vscode.git 1943
[2022-08-29 12:52:00.126] [exthost] [warning] [Decorations] CAPPING events from decorations provider vscode.git 1943
[2022-08-29 12:52:05.171] [exthost] [warning] [Decorations] CAPPING events from decorations provider vscode.git 1943
[2022-08-29 12:52:10.217] [exthost] [warning] [Decorations] CAPPING events from decorations provider vscode.git 1943
[2022-08-29 12:52:15.261] [exthost] [warning] [Decorations] CAPPING events from decorations provider vscode.git 1943
[2022-08-29 12:52:20.316] [exthost] [warning] [Decorations] CAPPING events from decorations provider vscode.git 1943
[2022-08-29 12:52:25.379] [exthost] [warning] [Decorations] CAPPING events from decorations provider vscode.git 1943
[2022-08-29 12:52:30.449] [exthost] [warning] [Decorations] CAPPING events from decorations provider vscode.git 1943
[2022-08-29 12:52:35.497] [exthost] [warning] [Decorations] CAPPING events from decorations provider vscode.git 1943
[2022-08-29 12:52:40.543] [exthost] [warning] [Decorations] CAPPING events from decorations provider vscode.git 1943
[2022-08-29 12:52:45.590] [exthost] [warning] [Decorations] CAPPING events from decorations provider vscode.git 1943
[2022-08-29 12:52:50.637] [exthost] [warning] [Decorations] CAPPING events from decorations provider vscode.git 1943
[2022-08-29 12:52:55.692] [exthost] [warning] [Decorations] CAPPING events from decorations provider vscode.git 1943
[2022-08-29 12:53:00.753] [exthost] [warning] [Decorations] CAPPING events from decorations provider vscode.git 1943
[2022-08-29 12:53:05.815] [exthost] [warning] [Decorations] CAPPING events from decorations provider vscode.git 1943
[2022-08-29 12:53:10.874] [exthost] [warning] [Decorations] CAPPING events from decorations provider vscode.git 1943
[2022-08-29 12:53:15.922] [exthost] [warning] [Decorations] CAPPING events from decorations provider vscode.git 1943
[2022-08-29 12:53:20.968] [exthost] [warning] [Decorations] CAPPING events from decorations provider vscode.git 1943
[2022-08-29 12:53:26.015] [exthost] [warning] [Decorations] CAPPING events from decorations provider vscode.git 1943
[2022-08-29 12:53:31.076] [exthost] [warning] [Decorations] CAPPING events from decorations provider vscode.git 1943
[2022-08-29 12:53:36.126] [exthost] [warning] [Decorations] CAPPING events from decorations provider vscode.git 1943
[2022-08-29 12:53:41.182] [exthost] [warning] [Decorations] CAPPING events from decorations provider vscode.git 1943
[2022-08-29 12:53:46.235] [exthost] [warning] [Decorations] CAPPING events from decorations provider vscode.git 1943
[2022-08-29 12:53:51.282] [exthost] [warning] [Decorations] CAPPING events from decorations provider vscode.git 1943
[2022-08-29 12:53:56.340] [exthost] [warning] [Decorations] CAPPING events from decorations provider vscode.git 1943
[2022-08-29 12:54:01.392] [exthost] [warning] [Decorations] CAPPING events from decorations provider vscode.git 1943
[2022-08-29 12:54:12.956] [exthost] [warning] [Decorations] CAPPING events from decorations provider vscode.git 1943
[2022-08-29 12:54:18.012] [exthost] [warning] [Decorations] CAPPING events from decorations provider vscode.git 1943
[2022-08-29 12:54:23.061] [exthost] [warning] [Decorations] CAPPING events from decorations provider vscode.git 1943
[2022-08-29 12:54:28.108] [exthost] [warning] [Decorations] CAPPING events from decorations provider vscode.git 1943
[2022-08-29 12:54:33.153] [exthost] [warning] [Decorations] CAPPING events from decorations provider vscode.git 1943
[2022-08-29 12:54:38.200] [exthost] [warning] [Decorations] CAPPING events from decorations provider vscode.git 1943
[2022-08-29 12:54:43.258] [exthost] [warning] [Decorations] CAPPING events from decorations provider vscode.git 1943
[2022-08-29 12:54:48.309] [exthost] [warning] [Decorations] CAPPING events from decorations provider vscode.git 1943
[2022-08-29 12:54:53.354] [exthost] [warning] [Decorations] CAPPING events from decorations provider vscode.git 1943
[2022-08-29 12:54:58.410] [exthost] [warning] [Decorations] CAPPING events from decorations provider vscode.git 1943
[2022-08-29 12:55:03.472] [exthost] [warning] [Decorations] CAPPING events from decorations provider vscode.git 1944
[2022-08-29 12:55:08.521] [exthost] [warning] [Decorations] CAPPING events from decorations provider vscode.git 1944
[2022-08-29 12:56:58.299] [exthost] [warning] [Decorations] CAPPING events from decorations provider vscode.git 1944
[2022-08-29 12:57:03.346] [exthost] [warning] [Decorations] CAPPING events from decorations provider vscode.git 1944
[2022-08-29 12:57:08.392] [exthost] [warning] [Decorations] CAPPING events from decorations provider vscode.git 1944
[2022-08-29 12:57:13.445] [exthost] [warning] [Decorations] CAPPING events from decorations provider vscode.git 1944
[2022-08-29 12:57:18.505] [exthost] [warning] [Decorations] CAPPING events from decorations provider vscode.git 1944
[2022-08-29 12:57:23.552] [exthost] [warning] [Decorations] CAPPING events from decorations provider vscode.git 1944
[2022-08-29 12:57:28.603] [exthost] [warning] [Decorations] CAPPING events from decorations provider vscode.git 1944
[2022-08-29 12:57:33.650] [exthost] [warning] [Decorations] CAPPING events from decorations provider vscode.git 1944
[2022-08-29 12:57:38.708] [exthost] [warning] [Decorations] CAPPING events from decorations provider vscode.git 1944
[2022-08-29 12:57:43.754] [exthost] [warning] [Decorations] CAPPING events from decorations provider vscode.git 1944
[2022-08-29 12:57:48.808] [exthost] [warning] [Decorations] CAPPING events from decorations provider vscode.git 1944
[2022-08-29 12:57:53.855] [exthost] [warning] [Decorations] CAPPING events from decorations provider vscode.git 1944
[2022-08-29 12:57:58.910] [exthost] [warning] [Decorations] CAPPING events from decorations provider vscode.git 1944
[2022-08-29 12:58:03.966] [exthost] [warning] [Decorations] CAPPING events from decorations provider vscode.git 1944
[2022-08-29 12:58:09.028] [exthost] [warning] [Decorations] CAPPING events from decorations provider vscode.git 1944
[2022-08-29 12:58:14.080] [exthost] [warning] [Decorations] CAPPING events from decorations provider vscode.git 1944
[2022-08-29 12:58:19.124] [exthost] [warning] [Decorations] CAPPING events from decorations provider vscode.git 1944
[2022-08-29 12:58:24.169] [exthost] [warning] [Decorations] CAPPING events from decorations provider vscode.git 1944
[2022-08-29 12:58:30.736] [exthost] [warning] [Decorations] CAPPING events from decorations provider vscode.git 1944
[2022-08-29 12:58:35.783] [exthost] [warning] [Decorations] CAPPING events from decorations provider vscode.git 1944
[2022-08-29 12:58:40.837] [exthost] [warning] [Decorations] CAPPING events from decorations provider vscode.git 1944
[2022-08-29 12:58:45.887] [exthost] [warning] [Decorations] CAPPING events from decorations provider vscode.git 1944
[2022-08-29 12:58:50.930] [exthost] [warning] [Decorations] CAPPING events from decorations provider vscode.git 1944
[2022-08-29 12:58:55.983] [exthost] [warning] [Decorations] CAPPING events from decorations provider vscode.git 1944
[2022-08-29 12:59:01.032] [exthost] [warning] [Decorations] CAPPING events from decorations provider vscode.git 1944
[2022-08-29 12:59:06.085] [exthost] [warning] [Decorations] CAPPING events from decorations provider vscode.git 1944
[2022-08-29 12:59:11.149] [exthost] [warning] [Decorations] CAPPING events from decorations provider vscode.git 1944
[2022-08-29 12:59:16.209] [exthost] [warning] [Decorations] CAPPING events from decorations provider vscode.git 1944
[2022-08-29 12:59:21.258] [exthost] [warning] [Decorations] CAPPING events from decorations provider vscode.git 1945
[2022-08-29 13:10:40.459] [exthost] [warning] [Decorations] CAPPING events from decorations provider vscode.git 1945
[2022-08-29 13:10:45.508] [exthost] [warning] [Decorations] CAPPING events from decorations provider vscode.git 1945
[2022-08-29 13:10:50.552] [exthost] [warning] [Decorations] CAPPING events from decorations provider vscode.git 1945
[2022-08-29 13:10:55.606] [exthost] [warning] [Decorations] CAPPING events from decorations provider vscode.git 1945
[2022-08-29 13:11:00.659] [exthost] [warning] [Decorations] CAPPING events from decorations provider vscode.git 1945
[2022-08-29 13:11:05.714] [exthost] [warning] [Decorations] CAPPING events from decorations provider vscode.git 1945
[2022-08-29 13:11:10.764] [exthost] [warning] [Decorations] CAPPING events from decorations provider vscode.git 1945
[2022-08-29 13:11:15.809] [exthost] [warning] [Decorations] CAPPING events from decorations provider vscode.git 1946
[2022-08-29 13:11:35.208] [exthost] [warning] [Decorations] CAPPING events from decorations provider vscode.git 1946
[2022-08-29 13:11:40.269] [exthost] [warning] [Decorations] CAPPING events from decorations provider vscode.git 1946
[2022-08-29 13:11:45.833] [exthost] [warning] [Decorations] CAPPING events from decorations provider vscode.git 1947
[2022-08-29 13:13:38.041] [exthost] [warning] [Decorations] CAPPING events from decorations provider vscode.git 1947
[2022-08-29 13:13:43.089] [exthost] [warning] [Decorations] CAPPING events from decorations provider vscode.git 1947
[2022-08-29 13:13:48.135] [exthost] [warning] [Decorations] CAPPING events from decorations provider vscode.git 1947
[2022-08-29 13:13:53.182] [exthost] [warning] [Decorations] CAPPING events from decorations provider vscode.git 1947
[2022-08-29 13:13:58.226] [exthost] [warning] [Decorations] CAPPING events from decorations provider vscode.git 1947
[2022-08-29 13:14:03.285] [exthost] [warning] [Decorations] CAPPING events from decorations provider vscode.git 1947
[2022-08-29 13:14:08.333] [exthost] [warning] [Decorations] CAPPING events from decorations provider vscode.git 1947
[2022-08-29 13:14:13.377] [exthost] [warning] [Decorations] CAPPING events from decorations provider vscode.git 1947
[2022-08-29 13:14:18.421] [exthost] [warning] [Decorations] CAPPING events from decorations provider vscode.git 1947
[2022-08-29 13:14:23.465] [exthost] [warning] [Decorations] CAPPING events from decorations provider vscode.git 1947
[2022-08-29 13:14:28.519] [exthost] [warning] [Decorations] CAPPING events from decorations provider vscode.git 1947
[2022-08-29 13:14:33.570] [exthost] [warning] [Decorations] CAPPING events from decorations provider vscode.git 1947
[2022-08-29 13:14:38.616] [exthost] [warning] [Decorations] CAPPING events from decorations provider vscode.git 1947
[2022-08-29 13:14:43.661] [exthost] [warning] [Decorations] CAPPING events from decorations provider vscode.git 1947
[2022-08-29 13:14:48.705] [exthost] [warning] [Decorations] CAPPING events from decorations provider vscode.git 1947
[2022-08-29 13:14:53.758] [exthost] [warning] [Decorations] CAPPING events from decorations provider vscode.git 1947
[2022-08-29 13:14:58.806] [exthost] [warning] [Decorations] CAPPING events from decorations provider vscode.git 1947
[2022-08-29 13:15:03.865] [exthost] [warning] [Decorations] CAPPING events from decorations provider vscode.git 1947
[2022-08-29 13:15:08.921] [exthost] [warning] [Decorations] CAPPING events from decorations provider vscode.git 1947
[2022-08-29 13:15:13.974] [exthost] [warning] [Decorations] CAPPING events from decorations provider vscode.git 1947
[2022-08-29 13:15:19.027] [exthost] [warning] [Decorations] CAPPING events from decorations provider vscode.git 1947
[2022-08-29 13:15:24.080] [exthost] [warning] [Decorations] CAPPING events from decorations provider vscode.git 1947
[2022-08-29 13:15:29.128] [exthost] [warning] [Decorations] CAPPING events from decorations provider vscode.git 1947
[2022-08-29 13:15:35.689] [exthost] [warning] [Decorations] CAPPING events from decorations provider vscode.git 1947
[2022-08-29 13:15:40.734] [exthost] [warning] [Decorations] CAPPING events from decorations provider vscode.git 1947
[2022-08-29 13:15:45.779] [exthost] [warning] [Decorations] CAPPING events from decorations provider vscode.git 1947
[2022-08-29 13:15:50.826] [exthost] [warning] [Decorations] CAPPING events from decorations provider vscode.git 1947
[2022-08-29 13:15:55.871] [exthost] [warning] [Decorations] CAPPING events from decorations provider vscode.git 1947
[2022-08-29 13:16:00.926] [exthost] [warning] [Decorations] CAPPING events from decorations provider vscode.git 1947
[2022-08-29 13:16:05.983] [exthost] [warning] [Decorations] CAPPING events from decorations provider vscode.git 1947
[2022-08-29 13:16:11.041] [exthost] [warning] [Decorations] CAPPING events from decorations provider vscode.git 1947
[2022-08-29 13:16:16.092] [exthost] [warning] [Decorations] CAPPING events from decorations provider vscode.git 1947
[2022-08-29 13:16:21.134] [exthost] [warning] [Decorations] CAPPING events from decorations provider vscode.git 1947
[2022-08-29 13:16:26.179] [exthost] [warning] [Decorations] CAPPING events from decorations provider vscode.git 1947
[2022-08-29 13:16:31.232] [exthost] [warning] [Decorations] CAPPING events from decorations provider vscode.git 1947
[2022-08-29 13:16:36.283] [exthost] [warning] [Decorations] CAPPING events from decorations provider vscode.git 1947
[2022-08-29 13:16:41.337] [exthost] [warning] [Decorations] CAPPING events from decorations provider vscode.git 1947
[2022-08-29 13:16:46.384] [exthost] [warning] [Decorations] CAPPING events from decorations provider vscode.git 1947
[2022-08-29 13:16:51.436] [exthost] [warning] [Decorations] CAPPING events from decorations provider vscode.git 1947
[2022-08-29 13:16:56.491] [exthost] [warning] [Decorations] CAPPING events from decorations provider vscode.git 1947
[2022-08-29 13:17:01.537] [exthost] [warning] [Decorations] CAPPING events from decorations provider vscode.git 1947
[2022-08-29 13:17:06.582] [exthost] [warning] [Decorations] CAPPING events from decorations provider vscode.git 1947
[2022-08-29 13:17:11.628] [exthost] [warning] [Decorations] CAPPING events from decorations provider vscode.git 1947
[2022-08-29 13:17:16.671] [exthost] [warning] [Decorations] CAPPING events from decorations provider vscode.git 1947
[2022-08-29 13:17:21.717] [exthost] [warning] [Decorations] CAPPING events from decorations provider vscode.git 1947
[2022-08-29 13:17:41.212] [exthost] [warning] [Decorations] CAPPING events from decorations provider vscode.git 1948
[2022-08-29 13:17:46.272] [exthost] [warning] [Decorations] CAPPING events from decorations provider vscode.git 1948
[2022-08-29 13:17:51.319] [exthost] [warning] [Decorations] CAPPING events from decorations provider vscode.git 1948
[2022-08-29 13:17:56.378] [exthost] [warning] [Decorations] CAPPING events from decorations provider vscode.git 1948
[2022-08-29 13:18:01.427] [exthost] [warning] [Decorations] CAPPING events from decorations provider vscode.git 1948
[2022-08-29 13:18:06.470] [exthost] [warning] [Decorations] CAPPING events from decorations provider vscode.git 1948
[2022-08-29 13:18:11.523] [exthost] [warning] [Decorations] CAPPING events from decorations provider vscode.git 1948
[2022-08-29 13:18:16.572] [exthost] [warning] [Decorations] CAPPING events from decorations provider vscode.git 1948
[2022-08-29 13:18:21.628] [exthost] [warning] [Decorations] CAPPING events from decorations provider vscode.git 1948
[2022-08-29 13:18:26.680] [exthost] [warning] [Decorations] CAPPING events from decorations provider vscode.git 1948
[2022-08-29 13:18:31.733] [exthost] [warning] [Decorations] CAPPING events from decorations provider vscode.git 1948
[2022-08-29 13:18:36.783] [exthost] [warning] [Decorations] CAPPING events from decorations provider vscode.git 1948
[2022-08-29 13:18:41.836] [exthost] [warning] [Decorations] CAPPING events from decorations provider vscode.git 1948
[2022-08-29 13:18:46.884] [exthost] [warning] [Decorations] CAPPING events from decorations provider vscode.git 1948
[2022-08-29 13:18:51.943] [exthost] [warning] [Decorations] CAPPING events from decorations provider vscode.git 1948
[2022-08-29 13:18:56.996] [exthost] [warning] [Decorations] CAPPING events from decorations provider vscode.git 1948
[2022-08-29 13:19:02.051] [exthost] [warning] [Decorations] CAPPING events from decorations provider vscode.git 1948
[2022-08-29 13:19:07.103] [exthost] [warning] [Decorations] CAPPING events from decorations provider vscode.git 1948
[2022-08-29 13:19:12.159] [exthost] [warning] [Decorations] CAPPING events from decorations provider vscode.git 1948
[2022-08-29 13:19:17.210] [exthost] [warning] [Decorations] CAPPING events from decorations provider vscode.git 1948
[2022-08-29 13:19:22.254] [exthost] [warning] [Decorations] CAPPING events from decorations provider vscode.git 1948
[2022-08-29 13:19:27.299] [exthost] [warning] [Decorations] CAPPING events from decorations provider vscode.git 1948
[2022-08-29 13:19:32.344] [exthost] [warning] [Decorations] CAPPING events from decorations provider vscode.git 1948
[2022-08-29 13:19:37.387] [exthost] [warning] [Decorations] CAPPING events from decorations provider vscode.git 1948
[2022-08-29 13:19:56.862] [exthost] [warning] [Decorations] CAPPING events from decorations provider vscode.git 1948
[2022-08-29 13:20:02.769] [exthost] [warning] [Decorations] CAPPING events from decorations provider vscode.git 1949
[2022-08-29 13:20:07.818] [exthost] [warning] [Decorations] CAPPING events from decorations provider vscode.git 1949
[2022-08-29 13:20:12.882] [exthost] [warning] [Decorations] CAPPING events from decorations provider vscode.git 1949
[2022-08-29 13:20:17.933] [exthost] [warning] [Decorations] CAPPING events from decorations provider vscode.git 1949
[2022-08-29 13:20:22.988] [exthost] [warning] [Decorations] CAPPING events from decorations provider vscode.git 1949
[2022-08-29 13:20:28.042] [exthost] [warning] [Decorations] CAPPING events from decorations provider vscode.git 1949
[2022-08-29 13:20:33.086] [exthost] [warning] [Decorations] CAPPING events from decorations provider vscode.git 1949
[2022-08-29 13:20:38.129] [exthost] [warning] [Decorations] CAPPING events from decorations provider vscode.git 1949
[2022-08-29 13:20:59.730] [exthost] [warning] [Decorations] CAPPING events from decorations provider vscode.git 1950
[2022-08-29 13:21:04.778] [exthost] [warning] [Decorations] CAPPING events from decorations provider vscode.git 1950
[2022-08-29 13:21:09.823] [exthost] [warning] [Decorations] CAPPING events from decorations provider vscode.git 1950
[2022-08-29 13:21:14.873] [exthost] [warning] [Decorations] CAPPING events from decorations provider vscode.git 1950
[2022-08-29 13:21:19.923] [exthost] [warning] [Decorations] CAPPING events from decorations provider vscode.git 1950
[2022-08-29 13:21:24.979] [exthost] [warning] [Decorations] CAPPING events from decorations provider vscode.git 1950
[2022-08-29 13:21:30.027] [exthost] [warning] [Decorations] CAPPING events from decorations provider vscode.git 1950
[2022-08-29 13:21:35.081] [exthost] [warning] [Decorations] CAPPING events from decorations provider vscode.git 1950
[2022-08-29 13:21:40.142] [exthost] [warning] [Decorations] CAPPING events from decorations provider vscode.git 1950
[2022-08-29 13:21:45.201] [exthost] [warning] [Decorations] CAPPING events from decorations provider vscode.git 1950
[2022-08-29 13:21:50.258] [exthost] [warning] [Decorations] CAPPING events from decorations provider vscode.git 1950
[2022-08-29 13:21:55.313] [exthost] [warning] [Decorations] CAPPING events from decorations provider vscode.git 1950
[2022-08-29 13:22:00.364] [exthost] [warning] [Decorations] CAPPING events from decorations provider vscode.git 1950
[2022-08-29 13:22:05.417] [exthost] [warning] [Decorations] CAPPING events from decorations provider vscode.git 1950
[2022-08-29 13:22:10.468] [exthost] [warning] [Decorations] CAPPING events from decorations provider vscode.git 1950
[2022-08-29 13:22:15.514] [exthost] [warning] [Decorations] CAPPING events from decorations provider vscode.git 1950
[2022-08-29 13:22:20.559] [exthost] [warning] [Decorations] CAPPING events from decorations provider vscode.git 1950
[2022-08-29 13:22:25.617] [exthost] [warning] [Decorations] CAPPING events from decorations provider vscode.git 1950
[2022-08-29 13:22:30.669] [exthost] [warning] [Decorations] CAPPING events from decorations provider vscode.git 1950
[2022-08-29 13:22:35.713] [exthost] [warning] [Decorations] CAPPING events from decorations provider vscode.git 1950
[2022-08-29 13:23:08.968] [exthost] [warning] [Decorations] CAPPING events from decorations provider vscode.git 1952
[2022-08-29 13:23:14.013] [exthost] [warning] [Decorations] CAPPING events from decorations provider vscode.git 1952
[2022-08-29 13:23:19.058] [exthost] [warning] [Decorations] CAPPING events from decorations provider vscode.git 1952
[2022-08-29 13:23:24.109] [exthost] [warning] [Decorations] CAPPING events from decorations provider vscode.git 1952
[2022-08-29 13:23:29.156] [exthost] [warning] [Decorations] CAPPING events from decorations provider vscode.git 1952
[2022-08-29 13:23:34.203] [exthost] [warning] [Decorations] CAPPING events from decorations provider vscode.git 1952
[2022-08-29 13:23:39.249] [exthost] [warning] [Decorations] CAPPING events from decorations provider vscode.git 1952
[2022-08-29 13:23:44.293] [exthost] [warning] [Decorations] CAPPING events from decorations provider vscode.git 1952
[2022-08-29 13:23:49.340] [exthost] [warning] [Decorations] CAPPING events from decorations provider vscode.git 1952
[2022-08-29 13:23:54.395] [exthost] [warning] [Decorations] CAPPING events from decorations provider vscode.git 1952
[2022-08-29 13:23:59.451] [exthost] [warning] [Decorations] CAPPING events from decorations provider vscode.git 1952
[2022-08-29 13:24:04.497] [exthost] [warning] [Decorations] CAPPING events from decorations provider vscode.git 1952
[2022-08-29 13:24:09.542] [exthost] [warning] [Decorations] CAPPING events from decorations provider vscode.git 1952
[2022-08-29 13:24:14.597] [exthost] [warning] [Decorations] CAPPING events from decorations provider vscode.git 1952
[2022-08-29 13:24:19.648] [exthost] [warning] [Decorations] CAPPING events from decorations provider vscode.git 1952
[2022-08-29 13:24:24.696] [exthost] [warning] [Decorations] CAPPING events from decorations provider vscode.git 1952
[2022-08-29 13:24:29.746] [exthost] [warning] [Decorations] CAPPING events from decorations provider vscode.git 1952
[2022-08-29 13:24:34.791] [exthost] [warning] [Decorations] CAPPING events from decorations provider vscode.git 1952
[2022-08-29 13:24:39.838] [exthost] [warning] [Decorations] CAPPING events from decorations provider vscode.git 1952
[2022-08-29 13:24:44.884] [exthost] [warning] [Decorations] CAPPING events from decorations provider vscode.git 1952
[2022-08-29 13:24:49.931] [exthost] [warning] [Decorations] CAPPING events from decorations provider vscode.git 1952
[2022-08-29 13:24:54.987] [exthost] [warning] [Decorations] CAPPING events from decorations provider vscode.git 1952
[2022-08-29 13:25:00.040] [exthost] [warning] [Decorations] CAPPING events from decorations provider vscode.git 1952
[2022-08-29 13:25:05.086] [exthost] [warning] [Decorations] CAPPING events from decorations provider vscode.git 1952
[2022-08-29 13:25:10.132] [exthost] [warning] [Decorations] CAPPING events from decorations provider vscode.git 1952
[2022-08-29 13:25:15.184] [exthost] [warning] [Decorations] CAPPING events from decorations provider vscode.git 1952
[2022-08-29 13:25:20.234] [exthost] [warning] [Decorations] CAPPING events from decorations provider vscode.git 1952
[2022-08-29 13:25:25.280] [exthost] [warning] [Decorations] CAPPING events from decorations provider vscode.git 1952
[2022-08-29 13:25:30.329] [exthost] [warning] [Decorations] CAPPING events from decorations provider vscode.git 1952
[2022-08-29 13:25:35.373] [exthost] [warning] [Decorations] CAPPING events from decorations provider vscode.git 1952
[2022-08-29 13:25:40.420] [exthost] [warning] [Decorations] CAPPING events from decorations provider vscode.git 1952
[2022-08-29 13:25:45.468] [exthost] [warning] [Decorations] CAPPING events from decorations provider vscode.git 1952
[2022-08-29 13:25:50.517] [exthost] [warning] [Decorations] CAPPING events from decorations provider vscode.git 1952
[2022-08-29 13:25:55.569] [exthost] [warning] [Decorations] CAPPING events from decorations provider vscode.git 1952
[2022-08-29 13:26:00.619] [exthost] [warning] [Decorations] CAPPING events from decorations provider vscode.git 1952
[2022-08-29 13:26:05.665] [exthost] [warning] [Decorations] CAPPING events from decorations provider vscode.git 1952
[2022-08-29 13:26:10.712] [exthost] [warning] [Decorations] CAPPING events from decorations provider vscode.git 1952
[2022-08-29 13:26:15.760] [exthost] [warning] [Decorations] CAPPING events from decorations provider vscode.git 1952
[2022-08-29 13:26:20.806] [exthost] [warning] [Decorations] CAPPING events from decorations provider vscode.git 1952
[2022-08-29 13:26:25.851] [exthost] [warning] [Decorations] CAPPING events from decorations provider vscode.git 1952
[2022-08-29 13:26:30.904] [exthost] [warning] [Decorations] CAPPING events from decorations provider vscode.git 1952
[2022-08-29 13:26:35.955] [exthost] [warning] [Decorations] CAPPING events from decorations provider vscode.git 1952
[2022-08-29 13:26:41.000] [exthost] [warning] [Decorations] CAPPING events from decorations provider vscode.git 1952
[2022-08-29 13:26:46.055] [exthost] [warning] [Decorations] CAPPING events from decorations provider vscode.git 1952
[2022-08-29 13:26:51.106] [exthost] [warning] [Decorations] CAPPING events from decorations provider vscode.git 1952
[2022-08-29 13:26:56.152] [exthost] [warning] [Decorations] CAPPING events from decorations provider vscode.git 1952
[2022-08-29 13:27:01.197] [exthost] [warning] [Decorations] CAPPING events from decorations provider vscode.git 1952
[2022-08-29 13:27:06.240] [exthost] [warning] [Decorations] CAPPING events from decorations provider vscode.git 1952
[2022-08-29 13:27:11.299] [exthost] [warning] [Decorations] CAPPING events from decorations provider vscode.git 1952
[2022-08-29 13:27:16.354] [exthost] [warning] [Decorations] CAPPING events from decorations provider vscode.git 1952
[2022-08-29 13:27:21.410] [exthost] [warning] [Decorations] CAPPING events from decorations provider vscode.git 1952
[2022-08-29 13:27:26.465] [exthost] [warning] [Decorations] CAPPING events from decorations provider vscode.git 1952
[2022-08-29 13:27:31.520] [exthost] [warning] [Decorations] CAPPING events from decorations provider vscode.git 1952
[2022-08-29 13:27:36.576] [exthost] [warning] [Decorations] CAPPING events from decorations provider vscode.git 1952
[2022-08-29 13:27:41.631] [exthost] [warning] [Decorations] CAPPING events from decorations provider vscode.git 1952
[2022-08-29 13:27:46.691] [exthost] [warning] [Decorations] CAPPING events from decorations provider vscode.git 1952
[2022-08-29 13:27:51.758] [exthost] [warning] [Decorations] CAPPING events from decorations provider vscode.git 1952
[2022-08-29 13:27:56.808] [exthost] [warning] [Decorations] CAPPING events from decorations provider vscode.git 1952
[2022-08-29 13:28:01.854] [exthost] [warning] [Decorations] CAPPING events from decorations provider vscode.git 1952
[2022-08-29 13:28:06.896] [exthost] [warning] [Decorations] CAPPING events from decorations provider vscode.git 1952
[2022-08-29 13:28:11.940] [exthost] [warning] [Decorations] CAPPING events from decorations provider vscode.git 1952
[2022-08-29 13:28:16.984] [exthost] [warning] [Decorations] CAPPING events from decorations provider vscode.git 1952
[2022-08-29 13:28:22.030] [exthost] [warning] [Decorations] CAPPING events from decorations provider vscode.git 1952
[2022-08-29 13:28:27.076] [exthost] [warning] [Decorations] CAPPING events from decorations provider vscode.git 1952
[2022-08-29 13:28:32.123] [exthost] [warning] [Decorations] CAPPING events from decorations provider vscode.git 1952
[2022-08-29 13:28:37.167] [exthost] [warning] [Decorations] CAPPING events from decorations provider vscode.git 1952
[2022-08-29 13:28:42.213] [exthost] [warning] [Decorations] CAPPING events from decorations provider vscode.git 1952
[2022-08-29 13:28:47.260] [exthost] [warning] [Decorations] CAPPING events from decorations provider vscode.git 1952
[2022-08-29 13:28:52.318] [exthost] [warning] [Decorations] CAPPING events from decorations provider vscode.git 1952
[2022-08-29 13:28:57.369] [exthost] [warning] [Decorations] CAPPING events from decorations provider vscode.git 1952
[2022-08-29 13:29:02.420] [exthost] [warning] [Decorations] CAPPING events from decorations provider vscode.git 1952
[2022-08-29 13:29:07.472] [exthost] [warning] [Decorations] CAPPING events from decorations provider vscode.git 1952
[2022-08-29 13:29:12.532] [exthost] [warning] [Decorations] CAPPING events from decorations provider vscode.git 1952
[2022-08-29 13:29:17.582] [exthost] [warning] [Decorations] CAPPING events from decorations provider vscode.git 1952
[2022-08-29 13:29:22.629] [exthost] [warning] [Decorations] CAPPING events from decorations provider vscode.git 1952
[2022-08-29 13:29:27.676] [exthost] [warning] [Decorations] CAPPING events from decorations provider vscode.git 1952
[2022-08-29 13:29:32.723] [exthost] [warning] [Decorations] CAPPING events from decorations provider vscode.git 1952
[2022-08-29 13:29:37.771] [exthost] [warning] [Decorations] CAPPING events from decorations provider vscode.git 1952
[2022-08-29 13:29:42.819] [exthost] [warning] [Decorations] CAPPING events from decorations provider vscode.git 1952
[2022-08-29 13:29:47.861] [exthost] [warning] [Decorations] CAPPING events from decorations provider vscode.git 1952
[2022-08-29 13:29:52.904] [exthost] [warning] [Decorations] CAPPING events from decorations provider vscode.git 1952
[2022-08-29 13:29:57.950] [exthost] [warning] [Decorations] CAPPING events from decorations provider vscode.git 1952
[2022-08-29 13:30:03.000] [exthost] [warning] [Decorations] CAPPING events from decorations provider vscode.git 1952
[2022-08-29 13:30:08.047] [exthost] [warning] [Decorations] CAPPING events from decorations provider vscode.git 1952
[2022-08-29 13:30:13.092] [exthost] [warning] [Decorations] CAPPING events from decorations provider vscode.git 1952
[2022-08-29 13:30:18.139] [exthost] [warning] [Decorations] CAPPING events from decorations provider vscode.git 1952
[2022-08-29 13:30:23.185] [exthost] [warning] [Decorations] CAPPING events from decorations provider vscode.git 1952
[2022-08-29 13:30:31.262] [exthost] [warning] [Decorations] CAPPING events from decorations provider vscode.git 1953
[2022-08-29 13:30:36.643] [exthost] [warning] [Decorations] CAPPING events from decorations provider vscode.git 1953
[2022-08-29 13:30:41.699] [exthost] [warning] [Decorations] CAPPING events from decorations provider vscode.git 1953
[2022-08-29 13:30:46.765] [exthost] [warning] [Decorations] CAPPING events from decorations provider vscode.git 1953
[2022-08-29 13:30:51.811] [exthost] [warning] [Decorations] CAPPING events from decorations provider vscode.git 1953
[2022-08-29 13:30:56.857] [exthost] [warning] [Decorations] CAPPING events from decorations provider vscode.git 1953
[2022-08-29 13:31:01.904] [exthost] [warning] [Decorations] CAPPING events from decorations provider vscode.git 1953
[2022-08-29 13:31:06.951] [exthost] [warning] [Decorations] CAPPING events from decorations provider vscode.git 1953
[2022-08-29 13:31:11.995] [exthost] [warning] [Decorations] CAPPING events from decorations provider vscode.git 1953
[2022-08-29 13:31:17.040] [exthost] [warning] [Decorations] CAPPING events from decorations provider vscode.git 1953
[2022-08-29 14:07:20.619] [exthost] [warning] [Decorations] CAPPING events from decorations provider vscode.git 1954
[2022-08-29 15:23:32.273] [exthost] [warning] [Decorations] CAPPING events from decorations provider vscode.git 1954
[2022-08-29 15:23:37.334] [exthost] [warning] [Decorations] CAPPING events from decorations provider vscode.git 1954
[2022-08-29 15:23:42.385] [exthost] [warning] [Decorations] CAPPING events from decorations provider vscode.git 1954
[2022-08-29 15:23:47.430] [exthost] [warning] [Decorations] CAPPING events from decorations provider vscode.git 1954
[2022-08-29 15:23:52.482] [exthost] [warning] [Decorations] CAPPING events from decorations provider vscode.git 1954
[2022-08-29 15:23:57.533] [exthost] [warning] [Decorations] CAPPING events from decorations provider vscode.git 1954
[2022-08-29 15:24:02.578] [exthost] [warning] [Decorations] CAPPING events from decorations provider vscode.git 1954
[2022-08-29 15:24:07.626] [exthost] [warning] [Decorations] CAPPING events from decorations provider vscode.git 1954
[2022-08-29 15:24:12.673] [exthost] [warning] [Decorations] CAPPING events from decorations provider vscode.git 1954
[2022-08-29 15:24:17.731] [exthost] [warning] [Decorations] CAPPING events from decorations provider vscode.git 1954
[2022-08-29 15:24:24.283] [exthost] [warning] [Decorations] CAPPING events from decorations provider vscode.git 1954
[2022-08-29 15:24:29.341] [exthost] [warning] [Decorations] CAPPING events from decorations provider vscode.git 1954
[2022-08-29 15:24:34.388] [exthost] [warning] [Decorations] CAPPING events from decorations provider vscode.git 1954
[2022-08-29 15:24:39.441] [exthost] [warning] [Decorations] CAPPING events from decorations provider vscode.git 1954
[2022-08-29 15:24:44.489] [exthost] [warning] [Decorations] CAPPING events from decorations provider vscode.git 1954
[2022-08-29 15:25:34.532] [exthost] [warning] [Decorations] CAPPING events from decorations provider vscode.git 1954
[2022-08-29 15:25:39.582] [exthost] [warning] [Decorations] CAPPING events from decorations provider vscode.git 1954
[2022-08-29 15:25:44.630] [exthost] [warning] [Decorations] CAPPING events from decorations provider vscode.git 1954
[2022-08-29 15:25:49.686] [exthost] [warning] [Decorations] CAPPING events from decorations provider vscode.git 1954
[2022-08-29 15:25:54.738] [exthost] [warning] [Decorations] CAPPING events from decorations provider vscode.git 1954
[2022-08-29 15:25:59.795] [exthost] [warning] [Decorations] CAPPING events from decorations provider vscode.git 1954
[2022-08-29 15:26:04.852] [exthost] [warning] [Decorations] CAPPING events from decorations provider vscode.git 1954
[2022-08-29 15:26:09.909] [exthost] [warning] [Decorations] CAPPING events from decorations provider vscode.git 1954
[2022-08-29 15:26:10.388] [exthost] [info] Extension host terminating: received terminate message from renderer
[2022-08-29 15:26:10.389] [exthost] [info] Lock '/home/adamjones/.vscode-server/data/User/workspaceStorage/8e29cf52742eeefd5f83359953fe4144/vscode.lock': Marking the lockfile as scheduled to be released in 6000 ms.
[2022-08-29 15:26:10.422] [exthost] [info] Extension host with pid 18556 exiting with code 0
